/!\ FAILSAFE /!\  2014-06-05 15:14:34 +0530
  Status: 500 Internal Server Error
  cannot load such file -- sqlite3
    /Users/user/.rvm/rubies/ruby-1.9.3-p484/lib/ruby/site_ruby/1.9.1/rubygems/custom_require.rb:55:in `require'
    /Users/user/.rvm/rubies/ruby-1.9.3-p484/lib/ruby/site_ruby/1.9.1/rubygems/custom_require.rb:55:in `require'
    /Users/user/.rvm/gems/ruby-1.9.3-p484/gems/activesupport-2.3.18/lib/active_support/dependencies.rb:182:in `block in require'
    /Users/user/.rvm/gems/ruby-1.9.3-p484/gems/activesupport-2.3.18/lib/active_support/dependencies.rb:547:in `new_constants_in'
    /Users/user/.rvm/gems/ruby-1.9.3-p484/gems/activesupport-2.3.18/lib/active_support/dependencies.rb:182:in `require'
    /Users/user/.rvm/gems/ruby-1.9.3-p484/gems/activesupport-2.3.18/lib/active_support/core_ext/kernel/requires.rb:7:in `block in require_library_or_gem'
    /Users/user/.rvm/gems/ruby-1.9.3-p484/gems/activesupport-2.3.18/lib/active_support/core_ext/kernel/reporting.rb:11:in `silence_warnings'
    /Users/user/.rvm/gems/ruby-1.9.3-p484/gems/activesupport-2.3.18/lib/active_support/core_ext/kernel/requires.rb:5:in `require_library_or_gem'
    /Users/user/.rvm/gems/ruby-1.9.3-p484/gems/activerecord-2.3.18/lib/active_record/connection_adapters/sqlite3_adapter.rb:10:in `sqlite3_connection'
    /Users/user/.rvm/gems/ruby-1.9.3-p484/gems/activerecord-2.3.18/lib/active_record/connection_adapters/abstract/connection_pool.rb:223:in `new_connection'
    /Users/user/.rvm/gems/ruby-1.9.3-p484/gems/activerecord-2.3.18/lib/active_record/connection_adapters/abstract/connection_pool.rb:245:in `checkout_new_connection'
    /Users/user/.rvm/gems/ruby-1.9.3-p484/gems/activerecord-2.3.18/lib/active_record/connection_adapters/abstract/connection_pool.rb:188:in `block (2 levels) in checkout'
    /Users/user/.rvm/gems/ruby-1.9.3-p484/gems/activerecord-2.3.18/lib/active_record/connection_adapters/abstract/connection_pool.rb:184:in `loop'
    /Users/user/.rvm/gems/ruby-1.9.3-p484/gems/activerecord-2.3.18/lib/active_record/connection_adapters/abstract/connection_pool.rb:184:in `block in checkout'
    /Users/user/.rvm/rubies/ruby-1.9.3-p484/lib/ruby/1.9.1/monitor.rb:211:in `mon_synchronize'
    /Users/user/.rvm/gems/ruby-1.9.3-p484/gems/activerecord-2.3.18/lib/active_record/connection_adapters/abstract/connection_pool.rb:183:in `checkout'
    /Users/user/.rvm/gems/ruby-1.9.3-p484/gems/activerecord-2.3.18/lib/active_record/connection_adapters/abstract/connection_pool.rb:98:in `connection'
    /Users/user/.rvm/gems/ruby-1.9.3-p484/gems/activerecord-2.3.18/lib/active_record/connection_adapters/abstract/connection_pool.rb:326:in `retrieve_connection'
    /Users/user/.rvm/gems/ruby-1.9.3-p484/gems/activerecord-2.3.18/lib/active_record/connection_adapters/abstract/connection_specification.rb:123:in `retrieve_connection'
    /Users/user/.rvm/gems/ruby-1.9.3-p484/gems/activerecord-2.3.18/lib/active_record/connection_adapters/abstract/connection_specification.rb:115:in `connection'
    /Users/user/.rvm/gems/ruby-1.9.3-p484/gems/activerecord-2.3.18/lib/active_record/query_cache.rb:9:in `cache'
    /Users/user/.rvm/gems/ruby-1.9.3-p484/gems/activerecord-2.3.18/lib/active_record/query_cache.rb:28:in `call'
    /Users/user/.rvm/gems/ruby-1.9.3-p484/gems/activerecord-2.3.18/lib/active_record/connection_adapters/abstract/connection_pool.rb:361:in `call'
    /Users/user/.rvm/gems/ruby-1.9.3-p484/gems/actionpack-2.3.18/lib/action_controller/string_coercion.rb:25:in `call'
    /Users/user/.rvm/gems/ruby-1.9.3-p484/gems/rack-1.1.6/lib/rack/head.rb:9:in `call'
    /Users/user/.rvm/gems/ruby-1.9.3-p484/gems/rack-1.1.6/lib/rack/methodoverride.rb:24:in `call'
    /Users/user/.rvm/gems/ruby-1.9.3-p484/gems/actionpack-2.3.18/lib/action_controller/params_parser.rb:15:in `call'
    /Users/user/.rvm/gems/ruby-1.9.3-p484/gems/actionpack-2.3.18/lib/action_controller/session/cookie_store.rb:99:in `call'
    /Users/user/.rvm/gems/ruby-1.9.3-p484/gems/actionpack-2.3.18/lib/action_controller/failsafe.rb:26:in `call'
    /Users/user/.rvm/gems/ruby-1.9.3-p484/gems/rack-1.1.6/lib/rack/lock.rb:11:in `block in call'
    <internal:prelude>:10:in `synchronize'
    /Users/user/.rvm/gems/ruby-1.9.3-p484/gems/rack-1.1.6/lib/rack/lock.rb:11:in `call'
    /Users/user/.rvm/gems/ruby-1.9.3-p484/gems/actionpack-2.3.18/lib/action_controller/dispatcher.rb:114:in `block in call'
    /Users/user/.rvm/gems/ruby-1.9.3-p484/gems/actionpack-2.3.18/lib/action_controller/reloader.rb:34:in `run'
    /Users/user/.rvm/gems/ruby-1.9.3-p484/gems/actionpack-2.3.18/lib/action_controller/dispatcher.rb:108:in `call'
    /Users/user/.rvm/gems/ruby-1.9.3-p484/gems/rails-2.3.18/lib/rails/rack/static.rb:31:in `call'
    /Users/user/.rvm/gems/ruby-1.9.3-p484/gems/rack-1.1.6/lib/rack/urlmap.rb:47:in `block in call'
    /Users/user/.rvm/gems/ruby-1.9.3-p484/gems/rack-1.1.6/lib/rack/urlmap.rb:41:in `each'
    /Users/user/.rvm/gems/ruby-1.9.3-p484/gems/rack-1.1.6/lib/rack/urlmap.rb:41:in `call'
    /Users/user/.rvm/gems/ruby-1.9.3-p484/gems/rails-2.3.18/lib/rails/rack/log_tailer.rb:17:in `call'
    /Users/user/.rvm/gems/ruby-1.9.3-p484/gems/rack-1.1.6/lib/rack/content_length.rb:13:in `call'
    /Users/user/.rvm/gems/ruby-1.9.3-p484/gems/rack-1.1.6/lib/rack/chunked.rb:15:in `call'
    /Users/user/.rvm/gems/ruby-1.9.3-p484/gems/rack-1.1.6/lib/rack/handler/mongrel.rb:67:in `process'
    /Users/user/.rvm/gems/ruby-1.9.3-p484/gems/mongrel-1.2.0.pre2/lib/mongrel.rb:165:in `block in process_client'
    /Users/user/.rvm/gems/ruby-1.9.3-p484/gems/mongrel-1.2.0.pre2/lib/mongrel.rb:164:in `each'
    /Users/user/.rvm/gems/ruby-1.9.3-p484/gems/mongrel-1.2.0.pre2/lib/mongrel.rb:164:in `process_client'
    /Users/user/.rvm/gems/ruby-1.9.3-p484/gems/mongrel-1.2.0.pre2/lib/mongrel.rb:291:in `block (2 levels) in run'
/!\ FAILSAFE /!\  2014-06-05 15:14:40 +0530
  Status: 500 Internal Server Error
  cannot load such file -- sqlite3
    /Users/user/.rvm/rubies/ruby-1.9.3-p484/lib/ruby/site_ruby/1.9.1/rubygems/custom_require.rb:55:in `require'
    /Users/user/.rvm/rubies/ruby-1.9.3-p484/lib/ruby/site_ruby/1.9.1/rubygems/custom_require.rb:55:in `require'
    /Users/user/.rvm/gems/ruby-1.9.3-p484/gems/activesupport-2.3.18/lib/active_support/dependencies.rb:182:in `block in require'
    /Users/user/.rvm/gems/ruby-1.9.3-p484/gems/activesupport-2.3.18/lib/active_support/dependencies.rb:547:in `new_constants_in'
    /Users/user/.rvm/gems/ruby-1.9.3-p484/gems/activesupport-2.3.18/lib/active_support/dependencies.rb:182:in `require'
    /Users/user/.rvm/gems/ruby-1.9.3-p484/gems/activesupport-2.3.18/lib/active_support/core_ext/kernel/requires.rb:7:in `block in require_library_or_gem'
    /Users/user/.rvm/gems/ruby-1.9.3-p484/gems/activesupport-2.3.18/lib/active_support/core_ext/kernel/reporting.rb:11:in `silence_warnings'
    /Users/user/.rvm/gems/ruby-1.9.3-p484/gems/activesupport-2.3.18/lib/active_support/core_ext/kernel/requires.rb:5:in `require_library_or_gem'
    /Users/user/.rvm/gems/ruby-1.9.3-p484/gems/activerecord-2.3.18/lib/active_record/connection_adapters/sqlite3_adapter.rb:10:in `sqlite3_connection'
    /Users/user/.rvm/gems/ruby-1.9.3-p484/gems/activerecord-2.3.18/lib/active_record/connection_adapters/abstract/connection_pool.rb:223:in `new_connection'
    /Users/user/.rvm/gems/ruby-1.9.3-p484/gems/activerecord-2.3.18/lib/active_record/connection_adapters/abstract/connection_pool.rb:245:in `checkout_new_connection'
    /Users/user/.rvm/gems/ruby-1.9.3-p484/gems/activerecord-2.3.18/lib/active_record/connection_adapters/abstract/connection_pool.rb:188:in `block (2 levels) in checkout'
    /Users/user/.rvm/gems/ruby-1.9.3-p484/gems/activerecord-2.3.18/lib/active_record/connection_adapters/abstract/connection_pool.rb:184:in `loop'
    /Users/user/.rvm/gems/ruby-1.9.3-p484/gems/activerecord-2.3.18/lib/active_record/connection_adapters/abstract/connection_pool.rb:184:in `block in checkout'
    /Users/user/.rvm/rubies/ruby-1.9.3-p484/lib/ruby/1.9.1/monitor.rb:211:in `mon_synchronize'
    /Users/user/.rvm/gems/ruby-1.9.3-p484/gems/activerecord-2.3.18/lib/active_record/connection_adapters/abstract/connection_pool.rb:183:in `checkout'
    /Users/user/.rvm/gems/ruby-1.9.3-p484/gems/activerecord-2.3.18/lib/active_record/connection_adapters/abstract/connection_pool.rb:98:in `connection'
    /Users/user/.rvm/gems/ruby-1.9.3-p484/gems/activerecord-2.3.18/lib/active_record/connection_adapters/abstract/connection_pool.rb:326:in `retrieve_connection'
    /Users/user/.rvm/gems/ruby-1.9.3-p484/gems/activerecord-2.3.18/lib/active_record/connection_adapters/abstract/connection_specification.rb:123:in `retrieve_connection'
    /Users/user/.rvm/gems/ruby-1.9.3-p484/gems/activerecord-2.3.18/lib/active_record/connection_adapters/abstract/connection_specification.rb:115:in `connection'
    /Users/user/.rvm/gems/ruby-1.9.3-p484/gems/activerecord-2.3.18/lib/active_record/query_cache.rb:9:in `cache'
    /Users/user/.rvm/gems/ruby-1.9.3-p484/gems/activerecord-2.3.18/lib/active_record/query_cache.rb:28:in `call'
    /Users/user/.rvm/gems/ruby-1.9.3-p484/gems/activerecord-2.3.18/lib/active_record/connection_adapters/abstract/connection_pool.rb:361:in `call'
    /Users/user/.rvm/gems/ruby-1.9.3-p484/gems/actionpack-2.3.18/lib/action_controller/string_coercion.rb:25:in `call'
    /Users/user/.rvm/gems/ruby-1.9.3-p484/gems/rack-1.1.6/lib/rack/head.rb:9:in `call'
    /Users/user/.rvm/gems/ruby-1.9.3-p484/gems/rack-1.1.6/lib/rack/methodoverride.rb:24:in `call'
    /Users/user/.rvm/gems/ruby-1.9.3-p484/gems/actionpack-2.3.18/lib/action_controller/params_parser.rb:15:in `call'
    /Users/user/.rvm/gems/ruby-1.9.3-p484/gems/actionpack-2.3.18/lib/action_controller/session/cookie_store.rb:99:in `call'
    /Users/user/.rvm/gems/ruby-1.9.3-p484/gems/actionpack-2.3.18/lib/action_controller/failsafe.rb:26:in `call'
    /Users/user/.rvm/gems/ruby-1.9.3-p484/gems/rack-1.1.6/lib/rack/lock.rb:11:in `block in call'
    <internal:prelude>:10:in `synchronize'
    /Users/user/.rvm/gems/ruby-1.9.3-p484/gems/rack-1.1.6/lib/rack/lock.rb:11:in `call'
    /Users/user/.rvm/gems/ruby-1.9.3-p484/gems/actionpack-2.3.18/lib/action_controller/dispatcher.rb:114:in `block in call'
    /Users/user/.rvm/gems/ruby-1.9.3-p484/gems/actionpack-2.3.18/lib/action_controller/reloader.rb:34:in `run'
    /Users/user/.rvm/gems/ruby-1.9.3-p484/gems/actionpack-2.3.18/lib/action_controller/dispatcher.rb:108:in `call'
    /Users/user/.rvm/gems/ruby-1.9.3-p484/gems/rails-2.3.18/lib/rails/rack/static.rb:31:in `call'
    /Users/user/.rvm/gems/ruby-1.9.3-p484/gems/rack-1.1.6/lib/rack/urlmap.rb:47:in `block in call'
    /Users/user/.rvm/gems/ruby-1.9.3-p484/gems/rack-1.1.6/lib/rack/urlmap.rb:41:in `each'
    /Users/user/.rvm/gems/ruby-1.9.3-p484/gems/rack-1.1.6/lib/rack/urlmap.rb:41:in `call'
    /Users/user/.rvm/gems/ruby-1.9.3-p484/gems/rails-2.3.18/lib/rails/rack/log_tailer.rb:17:in `call'
    /Users/user/.rvm/gems/ruby-1.9.3-p484/gems/rack-1.1.6/lib/rack/content_length.rb:13:in `call'
    /Users/user/.rvm/gems/ruby-1.9.3-p484/gems/rack-1.1.6/lib/rack/chunked.rb:15:in `call'
    /Users/user/.rvm/gems/ruby-1.9.3-p484/gems/rack-1.1.6/lib/rack/handler/mongrel.rb:67:in `process'
    /Users/user/.rvm/gems/ruby-1.9.3-p484/gems/mongrel-1.2.0.pre2/lib/mongrel.rb:165:in `block in process_client'
    /Users/user/.rvm/gems/ruby-1.9.3-p484/gems/mongrel-1.2.0.pre2/lib/mongrel.rb:164:in `each'
    /Users/user/.rvm/gems/ruby-1.9.3-p484/gems/mongrel-1.2.0.pre2/lib/mongrel.rb:164:in `process_client'
    /Users/user/.rvm/gems/ruby-1.9.3-p484/gems/mongrel-1.2.0.pre2/lib/mongrel.rb:291:in `block (2 levels) in run'
/!\ FAILSAFE /!\  2014-06-05 15:16:02 +0530
  Status: 500 Internal Server Error
  cannot load such file -- sqlite3
    /Users/user/.rvm/rubies/ruby-1.9.3-p484/lib/ruby/site_ruby/1.9.1/rubygems/custom_require.rb:55:in `require'
    /Users/user/.rvm/rubies/ruby-1.9.3-p484/lib/ruby/site_ruby/1.9.1/rubygems/custom_require.rb:55:in `require'
    /Users/user/.rvm/gems/ruby-1.9.3-p484/gems/activesupport-2.3.18/lib/active_support/dependencies.rb:182:in `block in require'
    /Users/user/.rvm/gems/ruby-1.9.3-p484/gems/activesupport-2.3.18/lib/active_support/dependencies.rb:547:in `new_constants_in'
    /Users/user/.rvm/gems/ruby-1.9.3-p484/gems/activesupport-2.3.18/lib/active_support/dependencies.rb:182:in `require'
    /Users/user/.rvm/gems/ruby-1.9.3-p484/gems/activesupport-2.3.18/lib/active_support/core_ext/kernel/requires.rb:7:in `block in require_library_or_gem'
    /Users/user/.rvm/gems/ruby-1.9.3-p484/gems/activesupport-2.3.18/lib/active_support/core_ext/kernel/reporting.rb:11:in `silence_warnings'
    /Users/user/.rvm/gems/ruby-1.9.3-p484/gems/activesupport-2.3.18/lib/active_support/core_ext/kernel/requires.rb:5:in `require_library_or_gem'
    /Users/user/.rvm/gems/ruby-1.9.3-p484/gems/activerecord-2.3.18/lib/active_record/connection_adapters/sqlite3_adapter.rb:10:in `sqlite3_connection'
    /Users/user/.rvm/gems/ruby-1.9.3-p484/gems/activerecord-2.3.18/lib/active_record/connection_adapters/abstract/connection_pool.rb:223:in `new_connection'
    /Users/user/.rvm/gems/ruby-1.9.3-p484/gems/activerecord-2.3.18/lib/active_record/connection_adapters/abstract/connection_pool.rb:245:in `checkout_new_connection'
    /Users/user/.rvm/gems/ruby-1.9.3-p484/gems/activerecord-2.3.18/lib/active_record/connection_adapters/abstract/connection_pool.rb:188:in `block (2 levels) in checkout'
    /Users/user/.rvm/gems/ruby-1.9.3-p484/gems/activerecord-2.3.18/lib/active_record/connection_adapters/abstract/connection_pool.rb:184:in `loop'
    /Users/user/.rvm/gems/ruby-1.9.3-p484/gems/activerecord-2.3.18/lib/active_record/connection_adapters/abstract/connection_pool.rb:184:in `block in checkout'
    /Users/user/.rvm/rubies/ruby-1.9.3-p484/lib/ruby/1.9.1/monitor.rb:211:in `mon_synchronize'
    /Users/user/.rvm/gems/ruby-1.9.3-p484/gems/activerecord-2.3.18/lib/active_record/connection_adapters/abstract/connection_pool.rb:183:in `checkout'
    /Users/user/.rvm/gems/ruby-1.9.3-p484/gems/activerecord-2.3.18/lib/active_record/connection_adapters/abstract/connection_pool.rb:98:in `connection'
    /Users/user/.rvm/gems/ruby-1.9.3-p484/gems/activerecord-2.3.18/lib/active_record/connection_adapters/abstract/connection_pool.rb:326:in `retrieve_connection'
    /Users/user/.rvm/gems/ruby-1.9.3-p484/gems/activerecord-2.3.18/lib/active_record/connection_adapters/abstract/connection_specification.rb:123:in `retrieve_connection'
    /Users/user/.rvm/gems/ruby-1.9.3-p484/gems/activerecord-2.3.18/lib/active_record/connection_adapters/abstract/connection_specification.rb:115:in `connection'
    /Users/user/.rvm/gems/ruby-1.9.3-p484/gems/activerecord-2.3.18/lib/active_record/query_cache.rb:9:in `cache'
    /Users/user/.rvm/gems/ruby-1.9.3-p484/gems/activerecord-2.3.18/lib/active_record/query_cache.rb:28:in `call'
    /Users/user/.rvm/gems/ruby-1.9.3-p484/gems/activerecord-2.3.18/lib/active_record/connection_adapters/abstract/connection_pool.rb:361:in `call'
    /Users/user/.rvm/gems/ruby-1.9.3-p484/gems/actionpack-2.3.18/lib/action_controller/string_coercion.rb:25:in `call'
    /Users/user/.rvm/gems/ruby-1.9.3-p484/gems/rack-1.1.6/lib/rack/head.rb:9:in `call'
    /Users/user/.rvm/gems/ruby-1.9.3-p484/gems/rack-1.1.6/lib/rack/methodoverride.rb:24:in `call'
    /Users/user/.rvm/gems/ruby-1.9.3-p484/gems/actionpack-2.3.18/lib/action_controller/params_parser.rb:15:in `call'
    /Users/user/.rvm/gems/ruby-1.9.3-p484/gems/actionpack-2.3.18/lib/action_controller/session/cookie_store.rb:99:in `call'
    /Users/user/.rvm/gems/ruby-1.9.3-p484/gems/actionpack-2.3.18/lib/action_controller/failsafe.rb:26:in `call'
    /Users/user/.rvm/gems/ruby-1.9.3-p484/gems/rack-1.1.6/lib/rack/lock.rb:11:in `block in call'
    <internal:prelude>:10:in `synchronize'
    /Users/user/.rvm/gems/ruby-1.9.3-p484/gems/rack-1.1.6/lib/rack/lock.rb:11:in `call'
    /Users/user/.rvm/gems/ruby-1.9.3-p484/gems/actionpack-2.3.18/lib/action_controller/dispatcher.rb:114:in `block in call'
    /Users/user/.rvm/gems/ruby-1.9.3-p484/gems/actionpack-2.3.18/lib/action_controller/reloader.rb:34:in `run'
    /Users/user/.rvm/gems/ruby-1.9.3-p484/gems/actionpack-2.3.18/lib/action_controller/dispatcher.rb:108:in `call'
    /Users/user/.rvm/gems/ruby-1.9.3-p484/gems/rails-2.3.18/lib/rails/rack/static.rb:31:in `call'
    /Users/user/.rvm/gems/ruby-1.9.3-p484/gems/rack-1.1.6/lib/rack/urlmap.rb:47:in `block in call'
    /Users/user/.rvm/gems/ruby-1.9.3-p484/gems/rack-1.1.6/lib/rack/urlmap.rb:41:in `each'
    /Users/user/.rvm/gems/ruby-1.9.3-p484/gems/rack-1.1.6/lib/rack/urlmap.rb:41:in `call'
    /Users/user/.rvm/gems/ruby-1.9.3-p484/gems/rails-2.3.18/lib/rails/rack/log_tailer.rb:17:in `call'
    /Users/user/.rvm/gems/ruby-1.9.3-p484/gems/rack-1.1.6/lib/rack/content_length.rb:13:in `call'
    /Users/user/.rvm/gems/ruby-1.9.3-p484/gems/rack-1.1.6/lib/rack/chunked.rb:15:in `call'
    /Users/user/.rvm/gems/ruby-1.9.3-p484/gems/rack-1.1.6/lib/rack/handler/mongrel.rb:67:in `process'
    /Users/user/.rvm/gems/ruby-1.9.3-p484/gems/mongrel-1.2.0.pre2/lib/mongrel.rb:165:in `block in process_client'
    /Users/user/.rvm/gems/ruby-1.9.3-p484/gems/mongrel-1.2.0.pre2/lib/mongrel.rb:164:in `each'
    /Users/user/.rvm/gems/ruby-1.9.3-p484/gems/mongrel-1.2.0.pre2/lib/mongrel.rb:164:in `process_client'
    /Users/user/.rvm/gems/ruby-1.9.3-p484/gems/mongrel-1.2.0.pre2/lib/mongrel.rb:291:in `block (2 levels) in run'
/!\ FAILSAFE /!\  2014-06-05 15:16:04 +0530
  Status: 500 Internal Server Error
  cannot load such file -- sqlite3
    /Users/user/.rvm/rubies/ruby-1.9.3-p484/lib/ruby/site_ruby/1.9.1/rubygems/custom_require.rb:55:in `require'
    /Users/user/.rvm/rubies/ruby-1.9.3-p484/lib/ruby/site_ruby/1.9.1/rubygems/custom_require.rb:55:in `require'
    /Users/user/.rvm/gems/ruby-1.9.3-p484/gems/activesupport-2.3.18/lib/active_support/dependencies.rb:182:in `block in require'
    /Users/user/.rvm/gems/ruby-1.9.3-p484/gems/activesupport-2.3.18/lib/active_support/dependencies.rb:547:in `new_constants_in'
    /Users/user/.rvm/gems/ruby-1.9.3-p484/gems/activesupport-2.3.18/lib/active_support/dependencies.rb:182:in `require'
    /Users/user/.rvm/gems/ruby-1.9.3-p484/gems/activesupport-2.3.18/lib/active_support/core_ext/kernel/requires.rb:7:in `block in require_library_or_gem'
    /Users/user/.rvm/gems/ruby-1.9.3-p484/gems/activesupport-2.3.18/lib/active_support/core_ext/kernel/reporting.rb:11:in `silence_warnings'
    /Users/user/.rvm/gems/ruby-1.9.3-p484/gems/activesupport-2.3.18/lib/active_support/core_ext/kernel/requires.rb:5:in `require_library_or_gem'
    /Users/user/.rvm/gems/ruby-1.9.3-p484/gems/activerecord-2.3.18/lib/active_record/connection_adapters/sqlite3_adapter.rb:10:in `sqlite3_connection'
    /Users/user/.rvm/gems/ruby-1.9.3-p484/gems/activerecord-2.3.18/lib/active_record/connection_adapters/abstract/connection_pool.rb:223:in `new_connection'
    /Users/user/.rvm/gems/ruby-1.9.3-p484/gems/activerecord-2.3.18/lib/active_record/connection_adapters/abstract/connection_pool.rb:245:in `checkout_new_connection'
    /Users/user/.rvm/gems/ruby-1.9.3-p484/gems/activerecord-2.3.18/lib/active_record/connection_adapters/abstract/connection_pool.rb:188:in `block (2 levels) in checkout'
    /Users/user/.rvm/gems/ruby-1.9.3-p484/gems/activerecord-2.3.18/lib/active_record/connection_adapters/abstract/connection_pool.rb:184:in `loop'
    /Users/user/.rvm/gems/ruby-1.9.3-p484/gems/activerecord-2.3.18/lib/active_record/connection_adapters/abstract/connection_pool.rb:184:in `block in checkout'
    /Users/user/.rvm/rubies/ruby-1.9.3-p484/lib/ruby/1.9.1/monitor.rb:211:in `mon_synchronize'
    /Users/user/.rvm/gems/ruby-1.9.3-p484/gems/activerecord-2.3.18/lib/active_record/connection_adapters/abstract/connection_pool.rb:183:in `checkout'
    /Users/user/.rvm/gems/ruby-1.9.3-p484/gems/activerecord-2.3.18/lib/active_record/connection_adapters/abstract/connection_pool.rb:98:in `connection'
    /Users/user/.rvm/gems/ruby-1.9.3-p484/gems/activerecord-2.3.18/lib/active_record/connection_adapters/abstract/connection_pool.rb:326:in `retrieve_connection'
    /Users/user/.rvm/gems/ruby-1.9.3-p484/gems/activerecord-2.3.18/lib/active_record/connection_adapters/abstract/connection_specification.rb:123:in `retrieve_connection'
    /Users/user/.rvm/gems/ruby-1.9.3-p484/gems/activerecord-2.3.18/lib/active_record/connection_adapters/abstract/connection_specification.rb:115:in `connection'
    /Users/user/.rvm/gems/ruby-1.9.3-p484/gems/activerecord-2.3.18/lib/active_record/query_cache.rb:9:in `cache'
    /Users/user/.rvm/gems/ruby-1.9.3-p484/gems/activerecord-2.3.18/lib/active_record/query_cache.rb:28:in `call'
    /Users/user/.rvm/gems/ruby-1.9.3-p484/gems/activerecord-2.3.18/lib/active_record/connection_adapters/abstract/connection_pool.rb:361:in `call'
    /Users/user/.rvm/gems/ruby-1.9.3-p484/gems/actionpack-2.3.18/lib/action_controller/string_coercion.rb:25:in `call'
    /Users/user/.rvm/gems/ruby-1.9.3-p484/gems/rack-1.1.6/lib/rack/head.rb:9:in `call'
    /Users/user/.rvm/gems/ruby-1.9.3-p484/gems/rack-1.1.6/lib/rack/methodoverride.rb:24:in `call'
    /Users/user/.rvm/gems/ruby-1.9.3-p484/gems/actionpack-2.3.18/lib/action_controller/params_parser.rb:15:in `call'
    /Users/user/.rvm/gems/ruby-1.9.3-p484/gems/actionpack-2.3.18/lib/action_controller/session/cookie_store.rb:99:in `call'
    /Users/user/.rvm/gems/ruby-1.9.3-p484/gems/actionpack-2.3.18/lib/action_controller/failsafe.rb:26:in `call'
    /Users/user/.rvm/gems/ruby-1.9.3-p484/gems/rack-1.1.6/lib/rack/lock.rb:11:in `block in call'
    <internal:prelude>:10:in `synchronize'
    /Users/user/.rvm/gems/ruby-1.9.3-p484/gems/rack-1.1.6/lib/rack/lock.rb:11:in `call'
    /Users/user/.rvm/gems/ruby-1.9.3-p484/gems/actionpack-2.3.18/lib/action_controller/dispatcher.rb:114:in `block in call'
    /Users/user/.rvm/gems/ruby-1.9.3-p484/gems/actionpack-2.3.18/lib/action_controller/reloader.rb:34:in `run'
    /Users/user/.rvm/gems/ruby-1.9.3-p484/gems/actionpack-2.3.18/lib/action_controller/dispatcher.rb:108:in `call'
    /Users/user/.rvm/gems/ruby-1.9.3-p484/gems/rails-2.3.18/lib/rails/rack/static.rb:31:in `call'
    /Users/user/.rvm/gems/ruby-1.9.3-p484/gems/rack-1.1.6/lib/rack/urlmap.rb:47:in `block in call'
    /Users/user/.rvm/gems/ruby-1.9.3-p484/gems/rack-1.1.6/lib/rack/urlmap.rb:41:in `each'
    /Users/user/.rvm/gems/ruby-1.9.3-p484/gems/rack-1.1.6/lib/rack/urlmap.rb:41:in `call'
    /Users/user/.rvm/gems/ruby-1.9.3-p484/gems/rails-2.3.18/lib/rails/rack/log_tailer.rb:17:in `call'
    /Users/user/.rvm/gems/ruby-1.9.3-p484/gems/rack-1.1.6/lib/rack/content_length.rb:13:in `call'
    /Users/user/.rvm/gems/ruby-1.9.3-p484/gems/rack-1.1.6/lib/rack/chunked.rb:15:in `call'
    /Users/user/.rvm/gems/ruby-1.9.3-p484/gems/rack-1.1.6/lib/rack/handler/mongrel.rb:67:in `process'
    /Users/user/.rvm/gems/ruby-1.9.3-p484/gems/mongrel-1.2.0.pre2/lib/mongrel.rb:165:in `block in process_client'
    /Users/user/.rvm/gems/ruby-1.9.3-p484/gems/mongrel-1.2.0.pre2/lib/mongrel.rb:164:in `each'
    /Users/user/.rvm/gems/ruby-1.9.3-p484/gems/mongrel-1.2.0.pre2/lib/mongrel.rb:164:in `process_client'
    /Users/user/.rvm/gems/ruby-1.9.3-p484/gems/mongrel-1.2.0.pre2/lib/mongrel.rb:291:in `block (2 levels) in run'
/!\ FAILSAFE /!\  2014-06-05 15:16:20 +0530
  Status: 500 Internal Server Error
  cannot load such file -- sqlite3
    /Users/user/.rvm/rubies/ruby-1.9.3-p484/lib/ruby/site_ruby/1.9.1/rubygems/custom_require.rb:55:in `require'
    /Users/user/.rvm/rubies/ruby-1.9.3-p484/lib/ruby/site_ruby/1.9.1/rubygems/custom_require.rb:55:in `require'
    /Users/user/.rvm/gems/ruby-1.9.3-p484/gems/activesupport-2.3.18/lib/active_support/dependencies.rb:182:in `block in require'
    /Users/user/.rvm/gems/ruby-1.9.3-p484/gems/activesupport-2.3.18/lib/active_support/dependencies.rb:547:in `new_constants_in'
    /Users/user/.rvm/gems/ruby-1.9.3-p484/gems/activesupport-2.3.18/lib/active_support/dependencies.rb:182:in `require'
    /Users/user/.rvm/gems/ruby-1.9.3-p484/gems/activesupport-2.3.18/lib/active_support/core_ext/kernel/requires.rb:7:in `block in require_library_or_gem'
    /Users/user/.rvm/gems/ruby-1.9.3-p484/gems/activesupport-2.3.18/lib/active_support/core_ext/kernel/reporting.rb:11:in `silence_warnings'
    /Users/user/.rvm/gems/ruby-1.9.3-p484/gems/activesupport-2.3.18/lib/active_support/core_ext/kernel/requires.rb:5:in `require_library_or_gem'
    /Users/user/.rvm/gems/ruby-1.9.3-p484/gems/activerecord-2.3.18/lib/active_record/connection_adapters/sqlite3_adapter.rb:10:in `sqlite3_connection'
    /Users/user/.rvm/gems/ruby-1.9.3-p484/gems/activerecord-2.3.18/lib/active_record/connection_adapters/abstract/connection_pool.rb:223:in `new_connection'
    /Users/user/.rvm/gems/ruby-1.9.3-p484/gems/activerecord-2.3.18/lib/active_record/connection_adapters/abstract/connection_pool.rb:245:in `checkout_new_connection'
    /Users/user/.rvm/gems/ruby-1.9.3-p484/gems/activerecord-2.3.18/lib/active_record/connection_adapters/abstract/connection_pool.rb:188:in `block (2 levels) in checkout'
    /Users/user/.rvm/gems/ruby-1.9.3-p484/gems/activerecord-2.3.18/lib/active_record/connection_adapters/abstract/connection_pool.rb:184:in `loop'
    /Users/user/.rvm/gems/ruby-1.9.3-p484/gems/activerecord-2.3.18/lib/active_record/connection_adapters/abstract/connection_pool.rb:184:in `block in checkout'
    /Users/user/.rvm/rubies/ruby-1.9.3-p484/lib/ruby/1.9.1/monitor.rb:211:in `mon_synchronize'
    /Users/user/.rvm/gems/ruby-1.9.3-p484/gems/activerecord-2.3.18/lib/active_record/connection_adapters/abstract/connection_pool.rb:183:in `checkout'
    /Users/user/.rvm/gems/ruby-1.9.3-p484/gems/activerecord-2.3.18/lib/active_record/connection_adapters/abstract/connection_pool.rb:98:in `connection'
    /Users/user/.rvm/gems/ruby-1.9.3-p484/gems/activerecord-2.3.18/lib/active_record/connection_adapters/abstract/connection_pool.rb:326:in `retrieve_connection'
    /Users/user/.rvm/gems/ruby-1.9.3-p484/gems/activerecord-2.3.18/lib/active_record/connection_adapters/abstract/connection_specification.rb:123:in `retrieve_connection'
    /Users/user/.rvm/gems/ruby-1.9.3-p484/gems/activerecord-2.3.18/lib/active_record/connection_adapters/abstract/connection_specification.rb:115:in `connection'
    /Users/user/.rvm/gems/ruby-1.9.3-p484/gems/activerecord-2.3.18/lib/active_record/query_cache.rb:9:in `cache'
    /Users/user/.rvm/gems/ruby-1.9.3-p484/gems/activerecord-2.3.18/lib/active_record/query_cache.rb:28:in `call'
    /Users/user/.rvm/gems/ruby-1.9.3-p484/gems/activerecord-2.3.18/lib/active_record/connection_adapters/abstract/connection_pool.rb:361:in `call'
    /Users/user/.rvm/gems/ruby-1.9.3-p484/gems/actionpack-2.3.18/lib/action_controller/string_coercion.rb:25:in `call'
    /Users/user/.rvm/gems/ruby-1.9.3-p484/gems/rack-1.1.6/lib/rack/head.rb:9:in `call'
    /Users/user/.rvm/gems/ruby-1.9.3-p484/gems/rack-1.1.6/lib/rack/methodoverride.rb:24:in `call'
    /Users/user/.rvm/gems/ruby-1.9.3-p484/gems/actionpack-2.3.18/lib/action_controller/params_parser.rb:15:in `call'
    /Users/user/.rvm/gems/ruby-1.9.3-p484/gems/actionpack-2.3.18/lib/action_controller/session/cookie_store.rb:99:in `call'
    /Users/user/.rvm/gems/ruby-1.9.3-p484/gems/actionpack-2.3.18/lib/action_controller/failsafe.rb:26:in `call'
    /Users/user/.rvm/gems/ruby-1.9.3-p484/gems/rack-1.1.6/lib/rack/lock.rb:11:in `block in call'
    <internal:prelude>:10:in `synchronize'
    /Users/user/.rvm/gems/ruby-1.9.3-p484/gems/rack-1.1.6/lib/rack/lock.rb:11:in `call'
    /Users/user/.rvm/gems/ruby-1.9.3-p484/gems/actionpack-2.3.18/lib/action_controller/dispatcher.rb:114:in `block in call'
    /Users/user/.rvm/gems/ruby-1.9.3-p484/gems/actionpack-2.3.18/lib/action_controller/reloader.rb:34:in `run'
    /Users/user/.rvm/gems/ruby-1.9.3-p484/gems/actionpack-2.3.18/lib/action_controller/dispatcher.rb:108:in `call'
    /Users/user/.rvm/gems/ruby-1.9.3-p484/gems/rails-2.3.18/lib/rails/rack/static.rb:31:in `call'
    /Users/user/.rvm/gems/ruby-1.9.3-p484/gems/rack-1.1.6/lib/rack/urlmap.rb:47:in `block in call'
    /Users/user/.rvm/gems/ruby-1.9.3-p484/gems/rack-1.1.6/lib/rack/urlmap.rb:41:in `each'
    /Users/user/.rvm/gems/ruby-1.9.3-p484/gems/rack-1.1.6/lib/rack/urlmap.rb:41:in `call'
    /Users/user/.rvm/gems/ruby-1.9.3-p484/gems/rails-2.3.18/lib/rails/rack/log_tailer.rb:17:in `call'
    /Users/user/.rvm/gems/ruby-1.9.3-p484/gems/rack-1.1.6/lib/rack/content_length.rb:13:in `call'
    /Users/user/.rvm/gems/ruby-1.9.3-p484/gems/rack-1.1.6/lib/rack/chunked.rb:15:in `call'
    /Users/user/.rvm/gems/ruby-1.9.3-p484/gems/rack-1.1.6/lib/rack/handler/mongrel.rb:67:in `process'
    /Users/user/.rvm/gems/ruby-1.9.3-p484/gems/mongrel-1.2.0.pre2/lib/mongrel.rb:165:in `block in process_client'
    /Users/user/.rvm/gems/ruby-1.9.3-p484/gems/mongrel-1.2.0.pre2/lib/mongrel.rb:164:in `each'
    /Users/user/.rvm/gems/ruby-1.9.3-p484/gems/mongrel-1.2.0.pre2/lib/mongrel.rb:164:in `process_client'
    /Users/user/.rvm/gems/ruby-1.9.3-p484/gems/mongrel-1.2.0.pre2/lib/mongrel.rb:291:in `block (2 levels) in run'
/!\ FAILSAFE /!\  2014-06-05 15:16:40 +0530
  Status: 500 Internal Server Error
  cannot load such file -- sqlite3
    /Users/user/.rvm/rubies/ruby-1.9.3-p484/lib/ruby/site_ruby/1.9.1/rubygems/custom_require.rb:55:in `require'
    /Users/user/.rvm/rubies/ruby-1.9.3-p484/lib/ruby/site_ruby/1.9.1/rubygems/custom_require.rb:55:in `require'
    /Users/user/.rvm/gems/ruby-1.9.3-p484/gems/activesupport-2.3.18/lib/active_support/dependencies.rb:182:in `block in require'
    /Users/user/.rvm/gems/ruby-1.9.3-p484/gems/activesupport-2.3.18/lib/active_support/dependencies.rb:547:in `new_constants_in'
    /Users/user/.rvm/gems/ruby-1.9.3-p484/gems/activesupport-2.3.18/lib/active_support/dependencies.rb:182:in `require'
    /Users/user/.rvm/gems/ruby-1.9.3-p484/gems/activesupport-2.3.18/lib/active_support/core_ext/kernel/requires.rb:7:in `block in require_library_or_gem'
    /Users/user/.rvm/gems/ruby-1.9.3-p484/gems/activesupport-2.3.18/lib/active_support/core_ext/kernel/reporting.rb:11:in `silence_warnings'
    /Users/user/.rvm/gems/ruby-1.9.3-p484/gems/activesupport-2.3.18/lib/active_support/core_ext/kernel/requires.rb:5:in `require_library_or_gem'
    /Users/user/.rvm/gems/ruby-1.9.3-p484/gems/activerecord-2.3.18/lib/active_record/connection_adapters/sqlite3_adapter.rb:10:in `sqlite3_connection'
    /Users/user/.rvm/gems/ruby-1.9.3-p484/gems/activerecord-2.3.18/lib/active_record/connection_adapters/abstract/connection_pool.rb:223:in `new_connection'
    /Users/user/.rvm/gems/ruby-1.9.3-p484/gems/activerecord-2.3.18/lib/active_record/connection_adapters/abstract/connection_pool.rb:245:in `checkout_new_connection'
    /Users/user/.rvm/gems/ruby-1.9.3-p484/gems/activerecord-2.3.18/lib/active_record/connection_adapters/abstract/connection_pool.rb:188:in `block (2 levels) in checkout'
    /Users/user/.rvm/gems/ruby-1.9.3-p484/gems/activerecord-2.3.18/lib/active_record/connection_adapters/abstract/connection_pool.rb:184:in `loop'
    /Users/user/.rvm/gems/ruby-1.9.3-p484/gems/activerecord-2.3.18/lib/active_record/connection_adapters/abstract/connection_pool.rb:184:in `block in checkout'
    /Users/user/.rvm/rubies/ruby-1.9.3-p484/lib/ruby/1.9.1/monitor.rb:211:in `mon_synchronize'
    /Users/user/.rvm/gems/ruby-1.9.3-p484/gems/activerecord-2.3.18/lib/active_record/connection_adapters/abstract/connection_pool.rb:183:in `checkout'
    /Users/user/.rvm/gems/ruby-1.9.3-p484/gems/activerecord-2.3.18/lib/active_record/connection_adapters/abstract/connection_pool.rb:98:in `connection'
    /Users/user/.rvm/gems/ruby-1.9.3-p484/gems/activerecord-2.3.18/lib/active_record/connection_adapters/abstract/connection_pool.rb:326:in `retrieve_connection'
    /Users/user/.rvm/gems/ruby-1.9.3-p484/gems/activerecord-2.3.18/lib/active_record/connection_adapters/abstract/connection_specification.rb:123:in `retrieve_connection'
    /Users/user/.rvm/gems/ruby-1.9.3-p484/gems/activerecord-2.3.18/lib/active_record/connection_adapters/abstract/connection_specification.rb:115:in `connection'
    /Users/user/.rvm/gems/ruby-1.9.3-p484/gems/activerecord-2.3.18/lib/active_record/query_cache.rb:9:in `cache'
    /Users/user/.rvm/gems/ruby-1.9.3-p484/gems/activerecord-2.3.18/lib/active_record/query_cache.rb:28:in `call'
    /Users/user/.rvm/gems/ruby-1.9.3-p484/gems/activerecord-2.3.18/lib/active_record/connection_adapters/abstract/connection_pool.rb:361:in `call'
    /Users/user/.rvm/gems/ruby-1.9.3-p484/gems/actionpack-2.3.18/lib/action_controller/string_coercion.rb:25:in `call'
    /Users/user/.rvm/gems/ruby-1.9.3-p484/gems/rack-1.1.6/lib/rack/head.rb:9:in `call'
    /Users/user/.rvm/gems/ruby-1.9.3-p484/gems/rack-1.1.6/lib/rack/methodoverride.rb:24:in `call'
    /Users/user/.rvm/gems/ruby-1.9.3-p484/gems/actionpack-2.3.18/lib/action_controller/params_parser.rb:15:in `call'
    /Users/user/.rvm/gems/ruby-1.9.3-p484/gems/actionpack-2.3.18/lib/action_controller/session/cookie_store.rb:99:in `call'
    /Users/user/.rvm/gems/ruby-1.9.3-p484/gems/actionpack-2.3.18/lib/action_controller/failsafe.rb:26:in `call'
    /Users/user/.rvm/gems/ruby-1.9.3-p484/gems/rack-1.1.6/lib/rack/lock.rb:11:in `block in call'
    <internal:prelude>:10:in `synchronize'
    /Users/user/.rvm/gems/ruby-1.9.3-p484/gems/rack-1.1.6/lib/rack/lock.rb:11:in `call'
    /Users/user/.rvm/gems/ruby-1.9.3-p484/gems/actionpack-2.3.18/lib/action_controller/dispatcher.rb:114:in `block in call'
    /Users/user/.rvm/gems/ruby-1.9.3-p484/gems/actionpack-2.3.18/lib/action_controller/reloader.rb:34:in `run'
    /Users/user/.rvm/gems/ruby-1.9.3-p484/gems/actionpack-2.3.18/lib/action_controller/dispatcher.rb:108:in `call'
    /Users/user/.rvm/gems/ruby-1.9.3-p484/gems/rails-2.3.18/lib/rails/rack/static.rb:31:in `call'
    /Users/user/.rvm/gems/ruby-1.9.3-p484/gems/rack-1.1.6/lib/rack/urlmap.rb:47:in `block in call'
    /Users/user/.rvm/gems/ruby-1.9.3-p484/gems/rack-1.1.6/lib/rack/urlmap.rb:41:in `each'
    /Users/user/.rvm/gems/ruby-1.9.3-p484/gems/rack-1.1.6/lib/rack/urlmap.rb:41:in `call'
    /Users/user/.rvm/gems/ruby-1.9.3-p484/gems/rails-2.3.18/lib/rails/rack/log_tailer.rb:17:in `call'
    /Users/user/.rvm/gems/ruby-1.9.3-p484/gems/rack-1.1.6/lib/rack/content_length.rb:13:in `call'
    /Users/user/.rvm/gems/ruby-1.9.3-p484/gems/rack-1.1.6/lib/rack/chunked.rb:15:in `call'
    /Users/user/.rvm/gems/ruby-1.9.3-p484/gems/rack-1.1.6/lib/rack/handler/mongrel.rb:67:in `process'
    /Users/user/.rvm/gems/ruby-1.9.3-p484/gems/mongrel-1.2.0.pre2/lib/mongrel.rb:165:in `block in process_client'
    /Users/user/.rvm/gems/ruby-1.9.3-p484/gems/mongrel-1.2.0.pre2/lib/mongrel.rb:164:in `each'
    /Users/user/.rvm/gems/ruby-1.9.3-p484/gems/mongrel-1.2.0.pre2/lib/mongrel.rb:164:in `process_client'
    /Users/user/.rvm/gems/ruby-1.9.3-p484/gems/mongrel-1.2.0.pre2/lib/mongrel.rb:291:in `block (2 levels) in run'
/!\ FAILSAFE /!\  2014-06-05 15:16:48 +0530
  Status: 500 Internal Server Error
  cannot load such file -- sqlite3
    /Users/user/.rvm/rubies/ruby-1.9.3-p484/lib/ruby/site_ruby/1.9.1/rubygems/custom_require.rb:55:in `require'
    /Users/user/.rvm/rubies/ruby-1.9.3-p484/lib/ruby/site_ruby/1.9.1/rubygems/custom_require.rb:55:in `require'
    /Users/user/.rvm/gems/ruby-1.9.3-p484/gems/activesupport-2.3.18/lib/active_support/dependencies.rb:182:in `block in require'
    /Users/user/.rvm/gems/ruby-1.9.3-p484/gems/activesupport-2.3.18/lib/active_support/dependencies.rb:547:in `new_constants_in'
    /Users/user/.rvm/gems/ruby-1.9.3-p484/gems/activesupport-2.3.18/lib/active_support/dependencies.rb:182:in `require'
    /Users/user/.rvm/gems/ruby-1.9.3-p484/gems/activesupport-2.3.18/lib/active_support/core_ext/kernel/requires.rb:7:in `block in require_library_or_gem'
    /Users/user/.rvm/gems/ruby-1.9.3-p484/gems/activesupport-2.3.18/lib/active_support/core_ext/kernel/reporting.rb:11:in `silence_warnings'
    /Users/user/.rvm/gems/ruby-1.9.3-p484/gems/activesupport-2.3.18/lib/active_support/core_ext/kernel/requires.rb:5:in `require_library_or_gem'
    /Users/user/.rvm/gems/ruby-1.9.3-p484/gems/activerecord-2.3.18/lib/active_record/connection_adapters/sqlite3_adapter.rb:10:in `sqlite3_connection'
    /Users/user/.rvm/gems/ruby-1.9.3-p484/gems/activerecord-2.3.18/lib/active_record/connection_adapters/abstract/connection_pool.rb:223:in `new_connection'
    /Users/user/.rvm/gems/ruby-1.9.3-p484/gems/activerecord-2.3.18/lib/active_record/connection_adapters/abstract/connection_pool.rb:245:in `checkout_new_connection'
    /Users/user/.rvm/gems/ruby-1.9.3-p484/gems/activerecord-2.3.18/lib/active_record/connection_adapters/abstract/connection_pool.rb:188:in `block (2 levels) in checkout'
    /Users/user/.rvm/gems/ruby-1.9.3-p484/gems/activerecord-2.3.18/lib/active_record/connection_adapters/abstract/connection_pool.rb:184:in `loop'
    /Users/user/.rvm/gems/ruby-1.9.3-p484/gems/activerecord-2.3.18/lib/active_record/connection_adapters/abstract/connection_pool.rb:184:in `block in checkout'
    /Users/user/.rvm/rubies/ruby-1.9.3-p484/lib/ruby/1.9.1/monitor.rb:211:in `mon_synchronize'
    /Users/user/.rvm/gems/ruby-1.9.3-p484/gems/activerecord-2.3.18/lib/active_record/connection_adapters/abstract/connection_pool.rb:183:in `checkout'
    /Users/user/.rvm/gems/ruby-1.9.3-p484/gems/activerecord-2.3.18/lib/active_record/connection_adapters/abstract/connection_pool.rb:98:in `connection'
    /Users/user/.rvm/gems/ruby-1.9.3-p484/gems/activerecord-2.3.18/lib/active_record/connection_adapters/abstract/connection_pool.rb:326:in `retrieve_connection'
    /Users/user/.rvm/gems/ruby-1.9.3-p484/gems/activerecord-2.3.18/lib/active_record/connection_adapters/abstract/connection_specification.rb:123:in `retrieve_connection'
    /Users/user/.rvm/gems/ruby-1.9.3-p484/gems/activerecord-2.3.18/lib/active_record/connection_adapters/abstract/connection_specification.rb:115:in `connection'
    /Users/user/.rvm/gems/ruby-1.9.3-p484/gems/activerecord-2.3.18/lib/active_record/query_cache.rb:9:in `cache'
    /Users/user/.rvm/gems/ruby-1.9.3-p484/gems/activerecord-2.3.18/lib/active_record/query_cache.rb:28:in `call'
    /Users/user/.rvm/gems/ruby-1.9.3-p484/gems/activerecord-2.3.18/lib/active_record/connection_adapters/abstract/connection_pool.rb:361:in `call'
    /Users/user/.rvm/gems/ruby-1.9.3-p484/gems/actionpack-2.3.18/lib/action_controller/string_coercion.rb:25:in `call'
    /Users/user/.rvm/gems/ruby-1.9.3-p484/gems/rack-1.1.6/lib/rack/head.rb:9:in `call'
    /Users/user/.rvm/gems/ruby-1.9.3-p484/gems/rack-1.1.6/lib/rack/methodoverride.rb:24:in `call'
    /Users/user/.rvm/gems/ruby-1.9.3-p484/gems/actionpack-2.3.18/lib/action_controller/params_parser.rb:15:in `call'
    /Users/user/.rvm/gems/ruby-1.9.3-p484/gems/actionpack-2.3.18/lib/action_controller/session/cookie_store.rb:99:in `call'
    /Users/user/.rvm/gems/ruby-1.9.3-p484/gems/actionpack-2.3.18/lib/action_controller/failsafe.rb:26:in `call'
    /Users/user/.rvm/gems/ruby-1.9.3-p484/gems/rack-1.1.6/lib/rack/lock.rb:11:in `block in call'
    <internal:prelude>:10:in `synchronize'
    /Users/user/.rvm/gems/ruby-1.9.3-p484/gems/rack-1.1.6/lib/rack/lock.rb:11:in `call'
    /Users/user/.rvm/gems/ruby-1.9.3-p484/gems/actionpack-2.3.18/lib/action_controller/dispatcher.rb:114:in `block in call'
    /Users/user/.rvm/gems/ruby-1.9.3-p484/gems/actionpack-2.3.18/lib/action_controller/reloader.rb:34:in `run'
    /Users/user/.rvm/gems/ruby-1.9.3-p484/gems/actionpack-2.3.18/lib/action_controller/dispatcher.rb:108:in `call'
    /Users/user/.rvm/gems/ruby-1.9.3-p484/gems/rails-2.3.18/lib/rails/rack/static.rb:31:in `call'
    /Users/user/.rvm/gems/ruby-1.9.3-p484/gems/rack-1.1.6/lib/rack/urlmap.rb:47:in `block in call'
    /Users/user/.rvm/gems/ruby-1.9.3-p484/gems/rack-1.1.6/lib/rack/urlmap.rb:41:in `each'
    /Users/user/.rvm/gems/ruby-1.9.3-p484/gems/rack-1.1.6/lib/rack/urlmap.rb:41:in `call'
    /Users/user/.rvm/gems/ruby-1.9.3-p484/gems/rails-2.3.18/lib/rails/rack/log_tailer.rb:17:in `call'
    /Users/user/.rvm/gems/ruby-1.9.3-p484/gems/rack-1.1.6/lib/rack/content_length.rb:13:in `call'
    /Users/user/.rvm/gems/ruby-1.9.3-p484/gems/rack-1.1.6/lib/rack/chunked.rb:15:in `call'
    /Users/user/.rvm/gems/ruby-1.9.3-p484/gems/rack-1.1.6/lib/rack/handler/mongrel.rb:67:in `process'
    /Users/user/.rvm/gems/ruby-1.9.3-p484/gems/mongrel-1.2.0.pre2/lib/mongrel.rb:165:in `block in process_client'
    /Users/user/.rvm/gems/ruby-1.9.3-p484/gems/mongrel-1.2.0.pre2/lib/mongrel.rb:164:in `each'
    /Users/user/.rvm/gems/ruby-1.9.3-p484/gems/mongrel-1.2.0.pre2/lib/mongrel.rb:164:in `process_client'
    /Users/user/.rvm/gems/ruby-1.9.3-p484/gems/mongrel-1.2.0.pre2/lib/mongrel.rb:291:in `block (2 levels) in run'
/!\ FAILSAFE /!\  2014-06-05 15:17:58 +0530
  Status: 500 Internal Server Error
  cannot load such file -- sqlite3
    /Users/user/.rvm/rubies/ruby-1.9.3-p484/lib/ruby/site_ruby/1.9.1/rubygems/custom_require.rb:55:in `require'
    /Users/user/.rvm/rubies/ruby-1.9.3-p484/lib/ruby/site_ruby/1.9.1/rubygems/custom_require.rb:55:in `require'
    /Users/user/.rvm/gems/ruby-1.9.3-p484/gems/activesupport-2.3.18/lib/active_support/dependencies.rb:182:in `block in require'
    /Users/user/.rvm/gems/ruby-1.9.3-p484/gems/activesupport-2.3.18/lib/active_support/dependencies.rb:547:in `new_constants_in'
    /Users/user/.rvm/gems/ruby-1.9.3-p484/gems/activesupport-2.3.18/lib/active_support/dependencies.rb:182:in `require'
    /Users/user/.rvm/gems/ruby-1.9.3-p484/gems/activesupport-2.3.18/lib/active_support/core_ext/kernel/requires.rb:7:in `block in require_library_or_gem'
    /Users/user/.rvm/gems/ruby-1.9.3-p484/gems/activesupport-2.3.18/lib/active_support/core_ext/kernel/reporting.rb:11:in `silence_warnings'
    /Users/user/.rvm/gems/ruby-1.9.3-p484/gems/activesupport-2.3.18/lib/active_support/core_ext/kernel/requires.rb:5:in `require_library_or_gem'
    /Users/user/.rvm/gems/ruby-1.9.3-p484/gems/activerecord-2.3.18/lib/active_record/connection_adapters/sqlite3_adapter.rb:10:in `sqlite3_connection'
    /Users/user/.rvm/gems/ruby-1.9.3-p484/gems/activerecord-2.3.18/lib/active_record/connection_adapters/abstract/connection_pool.rb:223:in `new_connection'
    /Users/user/.rvm/gems/ruby-1.9.3-p484/gems/activerecord-2.3.18/lib/active_record/connection_adapters/abstract/connection_pool.rb:245:in `checkout_new_connection'
    /Users/user/.rvm/gems/ruby-1.9.3-p484/gems/activerecord-2.3.18/lib/active_record/connection_adapters/abstract/connection_pool.rb:188:in `block (2 levels) in checkout'
    /Users/user/.rvm/gems/ruby-1.9.3-p484/gems/activerecord-2.3.18/lib/active_record/connection_adapters/abstract/connection_pool.rb:184:in `loop'
    /Users/user/.rvm/gems/ruby-1.9.3-p484/gems/activerecord-2.3.18/lib/active_record/connection_adapters/abstract/connection_pool.rb:184:in `block in checkout'
    /Users/user/.rvm/rubies/ruby-1.9.3-p484/lib/ruby/1.9.1/monitor.rb:211:in `mon_synchronize'
    /Users/user/.rvm/gems/ruby-1.9.3-p484/gems/activerecord-2.3.18/lib/active_record/connection_adapters/abstract/connection_pool.rb:183:in `checkout'
    /Users/user/.rvm/gems/ruby-1.9.3-p484/gems/activerecord-2.3.18/lib/active_record/connection_adapters/abstract/connection_pool.rb:98:in `connection'
    /Users/user/.rvm/gems/ruby-1.9.3-p484/gems/activerecord-2.3.18/lib/active_record/connection_adapters/abstract/connection_pool.rb:326:in `retrieve_connection'
    /Users/user/.rvm/gems/ruby-1.9.3-p484/gems/activerecord-2.3.18/lib/active_record/connection_adapters/abstract/connection_specification.rb:123:in `retrieve_connection'
    /Users/user/.rvm/gems/ruby-1.9.3-p484/gems/activerecord-2.3.18/lib/active_record/connection_adapters/abstract/connection_specification.rb:115:in `connection'
    /Users/user/.rvm/gems/ruby-1.9.3-p484/gems/activerecord-2.3.18/lib/active_record/query_cache.rb:9:in `cache'
    /Users/user/.rvm/gems/ruby-1.9.3-p484/gems/activerecord-2.3.18/lib/active_record/query_cache.rb:28:in `call'
    /Users/user/.rvm/gems/ruby-1.9.3-p484/gems/activerecord-2.3.18/lib/active_record/connection_adapters/abstract/connection_pool.rb:361:in `call'
    /Users/user/.rvm/gems/ruby-1.9.3-p484/gems/actionpack-2.3.18/lib/action_controller/string_coercion.rb:25:in `call'
    /Users/user/.rvm/gems/ruby-1.9.3-p484/gems/rack-1.1.6/lib/rack/head.rb:9:in `call'
    /Users/user/.rvm/gems/ruby-1.9.3-p484/gems/rack-1.1.6/lib/rack/methodoverride.rb:24:in `call'
    /Users/user/.rvm/gems/ruby-1.9.3-p484/gems/actionpack-2.3.18/lib/action_controller/params_parser.rb:15:in `call'
    /Users/user/.rvm/gems/ruby-1.9.3-p484/gems/actionpack-2.3.18/lib/action_controller/session/cookie_store.rb:99:in `call'
    /Users/user/.rvm/gems/ruby-1.9.3-p484/gems/actionpack-2.3.18/lib/action_controller/failsafe.rb:26:in `call'
    /Users/user/.rvm/gems/ruby-1.9.3-p484/gems/rack-1.1.6/lib/rack/lock.rb:11:in `block in call'
    <internal:prelude>:10:in `synchronize'
    /Users/user/.rvm/gems/ruby-1.9.3-p484/gems/rack-1.1.6/lib/rack/lock.rb:11:in `call'
    /Users/user/.rvm/gems/ruby-1.9.3-p484/gems/actionpack-2.3.18/lib/action_controller/dispatcher.rb:114:in `block in call'
    /Users/user/.rvm/gems/ruby-1.9.3-p484/gems/actionpack-2.3.18/lib/action_controller/reloader.rb:34:in `run'
    /Users/user/.rvm/gems/ruby-1.9.3-p484/gems/actionpack-2.3.18/lib/action_controller/dispatcher.rb:108:in `call'
    /Users/user/.rvm/gems/ruby-1.9.3-p484/gems/rails-2.3.18/lib/rails/rack/static.rb:31:in `call'
    /Users/user/.rvm/gems/ruby-1.9.3-p484/gems/rack-1.1.6/lib/rack/urlmap.rb:47:in `block in call'
    /Users/user/.rvm/gems/ruby-1.9.3-p484/gems/rack-1.1.6/lib/rack/urlmap.rb:41:in `each'
    /Users/user/.rvm/gems/ruby-1.9.3-p484/gems/rack-1.1.6/lib/rack/urlmap.rb:41:in `call'
    /Users/user/.rvm/gems/ruby-1.9.3-p484/gems/rails-2.3.18/lib/rails/rack/log_tailer.rb:17:in `call'
    /Users/user/.rvm/gems/ruby-1.9.3-p484/gems/rack-1.1.6/lib/rack/content_length.rb:13:in `call'
    /Users/user/.rvm/gems/ruby-1.9.3-p484/gems/rack-1.1.6/lib/rack/chunked.rb:15:in `call'
    /Users/user/.rvm/gems/ruby-1.9.3-p484/gems/rack-1.1.6/lib/rack/handler/mongrel.rb:67:in `process'
    /Users/user/.rvm/gems/ruby-1.9.3-p484/gems/mongrel-1.2.0.pre2/lib/mongrel.rb:165:in `block in process_client'
    /Users/user/.rvm/gems/ruby-1.9.3-p484/gems/mongrel-1.2.0.pre2/lib/mongrel.rb:164:in `each'
    /Users/user/.rvm/gems/ruby-1.9.3-p484/gems/mongrel-1.2.0.pre2/lib/mongrel.rb:164:in `process_client'
    /Users/user/.rvm/gems/ruby-1.9.3-p484/gems/mongrel-1.2.0.pre2/lib/mongrel.rb:291:in `block (2 levels) in run'
/!\ FAILSAFE /!\  2014-06-05 15:18:11 +0530
  Status: 500 Internal Server Error
  cannot load such file -- sqlite3
    /Users/user/.rvm/rubies/ruby-1.9.3-p484/lib/ruby/site_ruby/1.9.1/rubygems/custom_require.rb:55:in `require'
    /Users/user/.rvm/rubies/ruby-1.9.3-p484/lib/ruby/site_ruby/1.9.1/rubygems/custom_require.rb:55:in `require'
    /Users/user/.rvm/gems/ruby-1.9.3-p484/gems/activesupport-2.3.18/lib/active_support/dependencies.rb:182:in `block in require'
    /Users/user/.rvm/gems/ruby-1.9.3-p484/gems/activesupport-2.3.18/lib/active_support/dependencies.rb:547:in `new_constants_in'
    /Users/user/.rvm/gems/ruby-1.9.3-p484/gems/activesupport-2.3.18/lib/active_support/dependencies.rb:182:in `require'
    /Users/user/.rvm/gems/ruby-1.9.3-p484/gems/activesupport-2.3.18/lib/active_support/core_ext/kernel/requires.rb:7:in `block in require_library_or_gem'
    /Users/user/.rvm/gems/ruby-1.9.3-p484/gems/activesupport-2.3.18/lib/active_support/core_ext/kernel/reporting.rb:11:in `silence_warnings'
    /Users/user/.rvm/gems/ruby-1.9.3-p484/gems/activesupport-2.3.18/lib/active_support/core_ext/kernel/requires.rb:5:in `require_library_or_gem'
    /Users/user/.rvm/gems/ruby-1.9.3-p484/gems/activerecord-2.3.18/lib/active_record/connection_adapters/sqlite3_adapter.rb:10:in `sqlite3_connection'
    /Users/user/.rvm/gems/ruby-1.9.3-p484/gems/activerecord-2.3.18/lib/active_record/connection_adapters/abstract/connection_pool.rb:223:in `new_connection'
    /Users/user/.rvm/gems/ruby-1.9.3-p484/gems/activerecord-2.3.18/lib/active_record/connection_adapters/abstract/connection_pool.rb:245:in `checkout_new_connection'
    /Users/user/.rvm/gems/ruby-1.9.3-p484/gems/activerecord-2.3.18/lib/active_record/connection_adapters/abstract/connection_pool.rb:188:in `block (2 levels) in checkout'
    /Users/user/.rvm/gems/ruby-1.9.3-p484/gems/activerecord-2.3.18/lib/active_record/connection_adapters/abstract/connection_pool.rb:184:in `loop'
    /Users/user/.rvm/gems/ruby-1.9.3-p484/gems/activerecord-2.3.18/lib/active_record/connection_adapters/abstract/connection_pool.rb:184:in `block in checkout'
    /Users/user/.rvm/rubies/ruby-1.9.3-p484/lib/ruby/1.9.1/monitor.rb:211:in `mon_synchronize'
    /Users/user/.rvm/gems/ruby-1.9.3-p484/gems/activerecord-2.3.18/lib/active_record/connection_adapters/abstract/connection_pool.rb:183:in `checkout'
    /Users/user/.rvm/gems/ruby-1.9.3-p484/gems/activerecord-2.3.18/lib/active_record/connection_adapters/abstract/connection_pool.rb:98:in `connection'
    /Users/user/.rvm/gems/ruby-1.9.3-p484/gems/activerecord-2.3.18/lib/active_record/connection_adapters/abstract/connection_pool.rb:326:in `retrieve_connection'
    /Users/user/.rvm/gems/ruby-1.9.3-p484/gems/activerecord-2.3.18/lib/active_record/connection_adapters/abstract/connection_specification.rb:123:in `retrieve_connection'
    /Users/user/.rvm/gems/ruby-1.9.3-p484/gems/activerecord-2.3.18/lib/active_record/connection_adapters/abstract/connection_specification.rb:115:in `connection'
    /Users/user/.rvm/gems/ruby-1.9.3-p484/gems/activerecord-2.3.18/lib/active_record/query_cache.rb:9:in `cache'
    /Users/user/.rvm/gems/ruby-1.9.3-p484/gems/activerecord-2.3.18/lib/active_record/query_cache.rb:28:in `call'
    /Users/user/.rvm/gems/ruby-1.9.3-p484/gems/activerecord-2.3.18/lib/active_record/connection_adapters/abstract/connection_pool.rb:361:in `call'
    /Users/user/.rvm/gems/ruby-1.9.3-p484/gems/actionpack-2.3.18/lib/action_controller/string_coercion.rb:25:in `call'
    /Users/user/.rvm/gems/ruby-1.9.3-p484/gems/rack-1.1.6/lib/rack/head.rb:9:in `call'
    /Users/user/.rvm/gems/ruby-1.9.3-p484/gems/rack-1.1.6/lib/rack/methodoverride.rb:24:in `call'
    /Users/user/.rvm/gems/ruby-1.9.3-p484/gems/actionpack-2.3.18/lib/action_controller/params_parser.rb:15:in `call'
    /Users/user/.rvm/gems/ruby-1.9.3-p484/gems/actionpack-2.3.18/lib/action_controller/session/cookie_store.rb:99:in `call'
    /Users/user/.rvm/gems/ruby-1.9.3-p484/gems/actionpack-2.3.18/lib/action_controller/failsafe.rb:26:in `call'
    /Users/user/.rvm/gems/ruby-1.9.3-p484/gems/rack-1.1.6/lib/rack/lock.rb:11:in `block in call'
    <internal:prelude>:10:in `synchronize'
    /Users/user/.rvm/gems/ruby-1.9.3-p484/gems/rack-1.1.6/lib/rack/lock.rb:11:in `call'
    /Users/user/.rvm/gems/ruby-1.9.3-p484/gems/actionpack-2.3.18/lib/action_controller/dispatcher.rb:114:in `block in call'
    /Users/user/.rvm/gems/ruby-1.9.3-p484/gems/actionpack-2.3.18/lib/action_controller/reloader.rb:34:in `run'
    /Users/user/.rvm/gems/ruby-1.9.3-p484/gems/actionpack-2.3.18/lib/action_controller/dispatcher.rb:108:in `call'
    /Users/user/.rvm/gems/ruby-1.9.3-p484/gems/rails-2.3.18/lib/rails/rack/static.rb:31:in `call'
    /Users/user/.rvm/gems/ruby-1.9.3-p484/gems/rack-1.1.6/lib/rack/urlmap.rb:47:in `block in call'
    /Users/user/.rvm/gems/ruby-1.9.3-p484/gems/rack-1.1.6/lib/rack/urlmap.rb:41:in `each'
    /Users/user/.rvm/gems/ruby-1.9.3-p484/gems/rack-1.1.6/lib/rack/urlmap.rb:41:in `call'
    /Users/user/.rvm/gems/ruby-1.9.3-p484/gems/rails-2.3.18/lib/rails/rack/log_tailer.rb:17:in `call'
    /Users/user/.rvm/gems/ruby-1.9.3-p484/gems/rack-1.1.6/lib/rack/content_length.rb:13:in `call'
    /Users/user/.rvm/gems/ruby-1.9.3-p484/gems/rack-1.1.6/lib/rack/chunked.rb:15:in `call'
    /Users/user/.rvm/gems/ruby-1.9.3-p484/gems/rack-1.1.6/lib/rack/handler/mongrel.rb:67:in `process'
    /Users/user/.rvm/gems/ruby-1.9.3-p484/gems/mongrel-1.2.0.pre2/lib/mongrel.rb:165:in `block in process_client'
    /Users/user/.rvm/gems/ruby-1.9.3-p484/gems/mongrel-1.2.0.pre2/lib/mongrel.rb:164:in `each'
    /Users/user/.rvm/gems/ruby-1.9.3-p484/gems/mongrel-1.2.0.pre2/lib/mongrel.rb:164:in `process_client'
    /Users/user/.rvm/gems/ruby-1.9.3-p484/gems/mongrel-1.2.0.pre2/lib/mongrel.rb:291:in `block (2 levels) in run'
/!\ FAILSAFE /!\  2014-06-05 15:19:16 +0530
  Status: 500 Internal Server Error
  cannot load such file -- sqlite3
    /Users/user/.rvm/rubies/ruby-1.9.3-p484/lib/ruby/site_ruby/1.9.1/rubygems/custom_require.rb:55:in `require'
    /Users/user/.rvm/rubies/ruby-1.9.3-p484/lib/ruby/site_ruby/1.9.1/rubygems/custom_require.rb:55:in `require'
    /Users/user/.rvm/gems/ruby-1.9.3-p484/gems/activesupport-2.3.18/lib/active_support/dependencies.rb:182:in `block in require'
    /Users/user/.rvm/gems/ruby-1.9.3-p484/gems/activesupport-2.3.18/lib/active_support/dependencies.rb:547:in `new_constants_in'
    /Users/user/.rvm/gems/ruby-1.9.3-p484/gems/activesupport-2.3.18/lib/active_support/dependencies.rb:182:in `require'
    /Users/user/.rvm/gems/ruby-1.9.3-p484/gems/activesupport-2.3.18/lib/active_support/core_ext/kernel/requires.rb:7:in `block in require_library_or_gem'
    /Users/user/.rvm/gems/ruby-1.9.3-p484/gems/activesupport-2.3.18/lib/active_support/core_ext/kernel/reporting.rb:11:in `silence_warnings'
    /Users/user/.rvm/gems/ruby-1.9.3-p484/gems/activesupport-2.3.18/lib/active_support/core_ext/kernel/requires.rb:5:in `require_library_or_gem'
    /Users/user/.rvm/gems/ruby-1.9.3-p484/gems/activerecord-2.3.18/lib/active_record/connection_adapters/sqlite3_adapter.rb:10:in `sqlite3_connection'
    /Users/user/.rvm/gems/ruby-1.9.3-p484/gems/activerecord-2.3.18/lib/active_record/connection_adapters/abstract/connection_pool.rb:223:in `new_connection'
    /Users/user/.rvm/gems/ruby-1.9.3-p484/gems/activerecord-2.3.18/lib/active_record/connection_adapters/abstract/connection_pool.rb:245:in `checkout_new_connection'
    /Users/user/.rvm/gems/ruby-1.9.3-p484/gems/activerecord-2.3.18/lib/active_record/connection_adapters/abstract/connection_pool.rb:188:in `block (2 levels) in checkout'
    /Users/user/.rvm/gems/ruby-1.9.3-p484/gems/activerecord-2.3.18/lib/active_record/connection_adapters/abstract/connection_pool.rb:184:in `loop'
    /Users/user/.rvm/gems/ruby-1.9.3-p484/gems/activerecord-2.3.18/lib/active_record/connection_adapters/abstract/connection_pool.rb:184:in `block in checkout'
    /Users/user/.rvm/rubies/ruby-1.9.3-p484/lib/ruby/1.9.1/monitor.rb:211:in `mon_synchronize'
    /Users/user/.rvm/gems/ruby-1.9.3-p484/gems/activerecord-2.3.18/lib/active_record/connection_adapters/abstract/connection_pool.rb:183:in `checkout'
    /Users/user/.rvm/gems/ruby-1.9.3-p484/gems/activerecord-2.3.18/lib/active_record/connection_adapters/abstract/connection_pool.rb:98:in `connection'
    /Users/user/.rvm/gems/ruby-1.9.3-p484/gems/activerecord-2.3.18/lib/active_record/connection_adapters/abstract/connection_pool.rb:326:in `retrieve_connection'
    /Users/user/.rvm/gems/ruby-1.9.3-p484/gems/activerecord-2.3.18/lib/active_record/connection_adapters/abstract/connection_specification.rb:123:in `retrieve_connection'
    /Users/user/.rvm/gems/ruby-1.9.3-p484/gems/activerecord-2.3.18/lib/active_record/connection_adapters/abstract/connection_specification.rb:115:in `connection'
    /Users/user/.rvm/gems/ruby-1.9.3-p484/gems/activerecord-2.3.18/lib/active_record/query_cache.rb:9:in `cache'
    /Users/user/.rvm/gems/ruby-1.9.3-p484/gems/activerecord-2.3.18/lib/active_record/query_cache.rb:28:in `call'
    /Users/user/.rvm/gems/ruby-1.9.3-p484/gems/activerecord-2.3.18/lib/active_record/connection_adapters/abstract/connection_pool.rb:361:in `call'
    /Users/user/.rvm/gems/ruby-1.9.3-p484/gems/actionpack-2.3.18/lib/action_controller/string_coercion.rb:25:in `call'
    /Users/user/.rvm/gems/ruby-1.9.3-p484/gems/rack-1.1.6/lib/rack/head.rb:9:in `call'
    /Users/user/.rvm/gems/ruby-1.9.3-p484/gems/rack-1.1.6/lib/rack/methodoverride.rb:24:in `call'
    /Users/user/.rvm/gems/ruby-1.9.3-p484/gems/actionpack-2.3.18/lib/action_controller/params_parser.rb:15:in `call'
    /Users/user/.rvm/gems/ruby-1.9.3-p484/gems/actionpack-2.3.18/lib/action_controller/session/cookie_store.rb:99:in `call'
    /Users/user/.rvm/gems/ruby-1.9.3-p484/gems/actionpack-2.3.18/lib/action_controller/failsafe.rb:26:in `call'
    /Users/user/.rvm/gems/ruby-1.9.3-p484/gems/rack-1.1.6/lib/rack/lock.rb:11:in `block in call'
    <internal:prelude>:10:in `synchronize'
    /Users/user/.rvm/gems/ruby-1.9.3-p484/gems/rack-1.1.6/lib/rack/lock.rb:11:in `call'
    /Users/user/.rvm/gems/ruby-1.9.3-p484/gems/actionpack-2.3.18/lib/action_controller/dispatcher.rb:114:in `block in call'
    /Users/user/.rvm/gems/ruby-1.9.3-p484/gems/actionpack-2.3.18/lib/action_controller/reloader.rb:34:in `run'
    /Users/user/.rvm/gems/ruby-1.9.3-p484/gems/actionpack-2.3.18/lib/action_controller/dispatcher.rb:108:in `call'
    /Users/user/.rvm/gems/ruby-1.9.3-p484/gems/rails-2.3.18/lib/rails/rack/static.rb:31:in `call'
    /Users/user/.rvm/gems/ruby-1.9.3-p484/gems/rack-1.1.6/lib/rack/urlmap.rb:47:in `block in call'
    /Users/user/.rvm/gems/ruby-1.9.3-p484/gems/rack-1.1.6/lib/rack/urlmap.rb:41:in `each'
    /Users/user/.rvm/gems/ruby-1.9.3-p484/gems/rack-1.1.6/lib/rack/urlmap.rb:41:in `call'
    /Users/user/.rvm/gems/ruby-1.9.3-p484/gems/rails-2.3.18/lib/rails/rack/log_tailer.rb:17:in `call'
    /Users/user/.rvm/gems/ruby-1.9.3-p484/gems/rack-1.1.6/lib/rack/content_length.rb:13:in `call'
    /Users/user/.rvm/gems/ruby-1.9.3-p484/gems/rack-1.1.6/lib/rack/chunked.rb:15:in `call'
    /Users/user/.rvm/gems/ruby-1.9.3-p484/gems/rack-1.1.6/lib/rack/handler/mongrel.rb:67:in `process'
    /Users/user/.rvm/gems/ruby-1.9.3-p484/gems/mongrel-1.2.0.pre2/lib/mongrel.rb:165:in `block in process_client'
    /Users/user/.rvm/gems/ruby-1.9.3-p484/gems/mongrel-1.2.0.pre2/lib/mongrel.rb:164:in `each'
    /Users/user/.rvm/gems/ruby-1.9.3-p484/gems/mongrel-1.2.0.pre2/lib/mongrel.rb:164:in `process_client'
    /Users/user/.rvm/gems/ruby-1.9.3-p484/gems/mongrel-1.2.0.pre2/lib/mongrel.rb:291:in `block (2 levels) in run'


Processing PagesController#home (for 127.0.0.1 at 2014-06-05 15:20:16) [GET]
Rendering pages/home
Completed in 52ms (View: 51, DB: 0) | 200 OK [http://localhost/pages/home]


Processing ApplicationController#index (for 127.0.0.1 at 2014-06-05 18:11:42) [GET]

ActionController::RoutingError (No route matches "/users/2" with {:method=>:get}):
  <internal:prelude>:10:in `synchronize'

Rendering rescues/layout (not_found)


Processing ApplicationController#index (for 127.0.0.1 at 2014-06-05 18:11:49) [GET]

ActionController::RoutingError (No route matches "/users/1" with {:method=>:get}):
  <internal:prelude>:10:in `synchronize'

Rendering rescues/layout (not_found)


Processing PagesController#home (for 127.0.0.1 at 2014-06-05 18:15:50) [GET]
Rendering pages/home
Completed in 76ms (View: 75, DB: 0) | 200 OK [http://localhost/pages/home]


Processing PagesController#about (for 127.0.0.1 at 2014-06-05 18:15:58) [GET]

ActionView::MissingTemplate (Missing template pages/about.erb in view path /Users/user/RailsTutorials/sample_app/app/views):
  <internal:prelude>:10:in `synchronize'

Rendering rescues/layout (internal_server_error)


Processing PagesController#about (for 127.0.0.1 at 2014-06-05 18:17:31) [GET]

ActionView::MissingTemplate (Missing template pages/about.erb in view path /Users/user/RailsTutorials/sample_app/app/views):
  <internal:prelude>:10:in `synchronize'

Rendering rescues/layout (internal_server_error)


Processing PagesController#about (for 127.0.0.1 at 2014-06-05 18:18:44) [GET]
Rendering pages/about
Completed in 9ms (View: 8, DB: 0) | 200 OK [http://localhost/pages/about]


Processing PagesController#about (for 127.0.0.1 at 2014-06-05 18:51:45) [GET]
Rendering pages/about
Completed in 26ms (View: 25, DB: 0) | 200 OK [http://localhost/pages/about]


Processing PagesController#about (for 127.0.0.1 at 2014-06-05 18:52:42) [GET]
Rendering pages/about
Completed in 20ms (View: 1, DB: 0) | 200 OK [http://localhost/pages/about]


Processing PagesController#about (for 127.0.0.1 at 2014-06-05 18:53:22) [GET]
Rendering pages/about
Completed in 6ms (View: 5, DB: 0) | 200 OK [http://localhost/pages/about]


Processing PagesController#about (for 127.0.0.1 at 2014-06-05 19:04:09) [GET]
Rendering pages/about
Completed in 5ms (View: 4, DB: 0) | 200 OK [http://localhost/pages/about]


Processing PagesController#about (for 127.0.0.1 at 2014-06-05 19:05:06) [GET]
Rendering pages/about
Completed in 44ms (View: 43, DB: 0) | 200 OK [http://localhost/pages/about]


Processing PagesController#about (for 127.0.0.1 at 2014-06-05 19:05:09) [GET]
Rendering pages/about
Completed in 2ms (View: 1, DB: 0) | 200 OK [http://localhost/pages/about]


Processing PagesController#about (for 127.0.0.1 at 2014-06-05 19:05:14) [GET]
Rendering pages/about
Completed in 2ms (View: 1, DB: 0) | 200 OK [http://localhost/pages/about]


Processing PagesController#about (for 127.0.0.1 at 2014-06-05 19:06:34) [GET]
Rendering template within layouts/application
Rendering pages/about
Completed in 9ms (View: 8, DB: 0) | 200 OK [http://localhost/pages/about]


Processing ApplicationController#index (for 127.0.0.1 at 2014-06-06 12:07:04) [GET]

ActionController::RoutingError (No route matches "/users" with {:method=>:get}):
  <internal:prelude>:10:in `synchronize'

Rendering rescues/layout (not_found)


Processing ApplicationController#index (for 127.0.0.1 at 2014-06-06 12:07:22) [GET]

ActionController::RoutingError (No route matches "/home" with {:method=>:get}):
  <internal:prelude>:10:in `synchronize'

Rendering rescues/layout (not_found)


Processing PagesController#home (for 127.0.0.1 at 2014-06-06 12:07:28) [GET]
Rendering template within layouts/application
Rendering pages/home
Completed in 91ms (View: 90, DB: 0) | 200 OK [http://localhost/pages/home]


Processing PagesController#about (for 127.0.0.1 at 2014-06-06 12:07:37) [GET]
Rendering template within layouts/application
Rendering pages/about
Completed in 32ms (View: 31, DB: 0) | 200 OK [http://localhost/pages/about]


Processing PagesController#about (for 127.0.0.1 at 2014-06-06 12:08:37) [GET]
Rendering template within layouts/application
Rendering pages/about
Completed in 5ms (View: 5, DB: 0) | 200 OK [http://localhost/pages/about]


Processing PagesController#about (for 127.0.0.1 at 2014-06-06 12:15:04) [GET]
Rendering template within layouts/application
Rendering pages/about
Completed in 6ms (View: 5, DB: 0) | 200 OK [http://localhost/pages/about]


Processing ApplicationController#index (for 127.0.0.1 at 2014-06-06 12:15:04) [GET]

ActionController::RoutingError (No route matches "/stylesheets/blueprint/screen.css" with {:method=>:get}):
  <internal:prelude>:10:in `synchronize'

Rendering rescues/layout (not_found)


Processing ApplicationController#index (for 127.0.0.1 at 2014-06-06 12:15:04) [GET]

ActionController::RoutingError (No route matches "/stylesheets/blueprint/print.css" with {:method=>:get}):
  <internal:prelude>:10:in `synchronize'

Rendering rescues/layout (not_found)


Processing PagesController#about (for 127.0.0.1 at 2014-06-06 12:15:06) [GET]
Rendering template within layouts/application
Rendering pages/about
Completed in 2ms (View: 1, DB: 0) | 200 OK [http://localhost/pages/about]


Processing ApplicationController#index (for 127.0.0.1 at 2014-06-06 12:15:06) [GET]

ActionController::RoutingError (No route matches "/stylesheets/blueprint/screen.css" with {:method=>:get}):
  <internal:prelude>:10:in `synchronize'

Rendering rescues/layout (not_found)


Processing ApplicationController#index (for 127.0.0.1 at 2014-06-06 12:15:06) [GET]

ActionController::RoutingError (No route matches "/stylesheets/blueprint/print.css" with {:method=>:get}):
  <internal:prelude>:10:in `synchronize'

Rendering rescues/layout (not_found)


Processing PagesController#home (for 127.0.0.1 at 2014-06-06 12:15:48) [GET]
Rendering template within layouts/application
Rendering pages/home
Completed in 2ms (View: 1, DB: 0) | 200 OK [http://localhost/pages/home]


Processing ApplicationController#index (for 127.0.0.1 at 2014-06-06 12:15:48) [GET]

ActionController::RoutingError (No route matches "/stylesheets/blueprint/print.css" with {:method=>:get}):
  <internal:prelude>:10:in `synchronize'

Rendering rescues/layout (not_found)


Processing ApplicationController#index (for 127.0.0.1 at 2014-06-06 12:15:48) [GET]

ActionController::RoutingError (No route matches "/stylesheets/blueprint/screen.css" with {:method=>:get}):
  <internal:prelude>:10:in `synchronize'

Rendering rescues/layout (not_found)


Processing PagesController#home (for 127.0.0.1 at 2014-06-06 12:16:07) [GET]
Rendering template within layouts/application
Rendering pages/home
Completed in 7ms (View: 6, DB: 0) | 200 OK [http://localhost/pages/home]


Processing PagesController#home (for 127.0.0.1 at 2014-06-06 12:16:10) [GET]
Rendering template within layouts/application
Rendering pages/home
Completed in 2ms (View: 1, DB: 0) | 200 OK [http://localhost/pages/home]


Processing PagesController#home (for 127.0.0.1 at 2014-06-06 12:16:12) [GET]
Rendering template within layouts/application
Rendering pages/home
Completed in 1ms (View: 1, DB: 0) | 200 OK [http://localhost/pages/home]


Processing PagesController#home (for 127.0.0.1 at 2014-06-06 12:16:14) [GET]
Rendering template within layouts/application
Rendering pages/home
Completed in 1ms (View: 1, DB: 0) | 200 OK [http://localhost/pages/home]


Processing PagesController#home (for 127.0.0.1 at 2014-06-06 12:16:40) [GET]
Rendering template within layouts/application
Rendering pages/home
Completed in 7ms (View: 6, DB: 0) | 200 OK [http://localhost/pages/home]


Processing ApplicationController#index (for 127.0.0.1 at 2014-06-06 12:16:40) [GET]

ActionController::RoutingError (No route matches "/stylesheets/blueprint/screen.css" with {:method=>:get}):
  <internal:prelude>:10:in `synchronize'

Rendering rescues/layout (not_found)


Processing ApplicationController#index (for 127.0.0.1 at 2014-06-06 12:16:40) [GET]

ActionController::RoutingError (No route matches "/stylesheets/blueprint/print.css" with {:method=>:get}):
  <internal:prelude>:10:in `synchronize'

Rendering rescues/layout (not_found)


Processing PagesController#home (for 127.0.0.1 at 2014-06-06 12:16:42) [GET]
Rendering template within layouts/application
Rendering pages/home
Completed in 3ms (View: 2, DB: 0) | 200 OK [http://localhost/pages/home]


Processing ApplicationController#index (for 127.0.0.1 at 2014-06-06 12:16:42) [GET]

ActionController::RoutingError (No route matches "/stylesheets/blueprint/screen.css" with {:method=>:get}):
  <internal:prelude>:10:in `synchronize'

Rendering rescues/layout (not_found)


Processing ApplicationController#index (for 127.0.0.1 at 2014-06-06 12:16:42) [GET]

ActionController::RoutingError (No route matches "/stylesheets/blueprint/print.css" with {:method=>:get}):
  <internal:prelude>:10:in `synchronize'

Rendering rescues/layout (not_found)


Processing PagesController#home (for 127.0.0.1 at 2014-06-06 12:17:01) [GET]
Rendering template within layouts/application
Rendering pages/home
Completed in 13ms (View: 12, DB: 0) | 200 OK [http://localhost/pages/home]


Processing ApplicationController#index (for 127.0.0.1 at 2014-06-06 12:17:01) [GET]

ActionController::RoutingError (No route matches "/stylesheets/blueprint/screen.css" with {:method=>:get}):
  <internal:prelude>:10:in `synchronize'

Rendering rescues/layout (not_found)


Processing ApplicationController#index (for 127.0.0.1 at 2014-06-06 12:17:01) [GET]

ActionController::RoutingError (No route matches "/stylesheets/blueprint/print.css" with {:method=>:get}):
  <internal:prelude>:10:in `synchronize'

Rendering rescues/layout (not_found)


Processing PagesController#home (for 127.0.0.1 at 2014-06-06 17:28:41) [GET]
Rendering template within layouts/application
Rendering pages/home
Completed in 56ms (View: 53, DB: 0) | 200 OK [http://localhost/pages/home]


Processing ApplicationController#index (for 127.0.0.1 at 2014-06-06 17:28:41) [GET]

ActionController::RoutingError (No route matches "/stylesheets/custom.css" with {:method=>:get}):
  <internal:prelude>:10:in `synchronize'

Rendering rescues/layout (not_found)


Processing ApplicationController#index (for 127.0.0.1 at 2014-06-06 17:28:41) [GET]

ActionController::RoutingError (No route matches "/images/logo.png" with {:method=>:get}):
  <internal:prelude>:10:in `synchronize'

Rendering rescues/layout (not_found)


Processing ApplicationController#index (for 127.0.0.1 at 2014-06-06 17:28:41) [GET]

ActionController::RoutingError (No route matches "/stylesheets/blueprint/screen.css" with {:method=>:get}):
  <internal:prelude>:10:in `synchronize'

Rendering rescues/layout (not_found)


Processing ApplicationController#index (for 127.0.0.1 at 2014-06-06 17:28:41) [GET]

ActionController::RoutingError (No route matches "/stylesheets/blueprint/print.css" with {:method=>:get}):
  <internal:prelude>:10:in `synchronize'

Rendering rescues/layout (not_found)


Processing PagesController#home (for 127.0.0.1 at 2014-06-09 12:12:09) [GET]
Rendering template within layouts/application
Rendering pages/home
Completed in 56ms (View: 55, DB: 0) | 200 OK [http://localhost/pages/home]


Processing ApplicationController#index (for 127.0.0.1 at 2014-06-09 12:12:09) [GET]

ActionController::RoutingError (No route matches "/stylesheets/blueprint/screen.css" with {:method=>:get}):
  <internal:prelude>:10:in `synchronize'

Rendering rescues/layout (not_found)


Processing ApplicationController#index (for 127.0.0.1 at 2014-06-09 12:12:09) [GET]

ActionController::RoutingError (No route matches "/stylesheets/blueprint/print.css" with {:method=>:get}):
  <internal:prelude>:10:in `synchronize'

Rendering rescues/layout (not_found)


Processing ApplicationController#index (for 127.0.0.1 at 2014-06-09 12:12:09) [GET]

ActionController::RoutingError (No route matches "/images/logo.png" with {:method=>:get}):
  <internal:prelude>:10:in `synchronize'

Rendering rescues/layout (not_found)


Processing ApplicationController#index (for 127.0.0.1 at 2014-06-09 12:13:17) [GET]

ActionController::RoutingError (No route matches "/images/logo.png" with {:method=>:get}):
  <internal:prelude>:10:in `synchronize'

Rendering rescues/layout (not_found)


Processing PagesController#home (for 127.0.0.1 at 2014-06-09 12:14:28) [GET]
Rendering template within layouts/application
Rendering pages/home
Completed in 2ms (View: 1, DB: 0) | 200 OK [http://localhost/pages/home]


Processing ApplicationController#index (for 127.0.0.1 at 2014-06-09 12:14:28) [GET]

ActionController::RoutingError (No route matches "/stylesheets/blueprint/screen.css" with {:method=>:get}):
  <internal:prelude>:10:in `synchronize'

Rendering rescues/layout (not_found)


Processing ApplicationController#index (for 127.0.0.1 at 2014-06-09 12:14:28) [GET]

ActionController::RoutingError (No route matches "/stylesheets/blueprint/print.css" with {:method=>:get}):
  <internal:prelude>:10:in `synchronize'

Rendering rescues/layout (not_found)


Processing PagesController#home (for 127.0.0.1 at 2014-06-09 12:15:30) [GET]
Rendering template within layouts/application
Rendering pages/home
Completed in 7ms (View: 5, DB: 0) | 200 OK [http://localhost/pages/home]


Processing ApplicationController#index (for 127.0.0.1 at 2014-06-09 12:15:31) [GET]

ActionController::RoutingError (No route matches "/stylesheets/blueprint/screen.css" with {:method=>:get}):
  <internal:prelude>:10:in `synchronize'

Rendering rescues/layout (not_found)


Processing ApplicationController#index (for 127.0.0.1 at 2014-06-09 12:15:31) [GET]

ActionController::RoutingError (No route matches "/stylesheets/blueprint/print.css" with {:method=>:get}):
  <internal:prelude>:10:in `synchronize'

Rendering rescues/layout (not_found)


Processing PagesController#home (for 127.0.0.1 at 2014-06-09 12:20:35) [GET]
Rendering template within layouts/application
Rendering pages/home
Completed in 59ms (View: 58, DB: 0) | 200 OK [http://localhost/pages/home]


Processing ApplicationController#index (for 127.0.0.1 at 2014-06-09 12:20:36) [GET]

ActionController::RoutingError (No route matches "/stylesheets/blueprint/screen.css" with {:method=>:get}):
  <internal:prelude>:10:in `synchronize'

Rendering rescues/layout (not_found)


Processing ApplicationController#index (for 127.0.0.1 at 2014-06-09 12:20:36) [GET]

ActionController::RoutingError (No route matches "/stylesheets/blueprint/print.css" with {:method=>:get}):
  <internal:prelude>:10:in `synchronize'

Rendering rescues/layout (not_found)


Processing PagesController#home (for 127.0.0.1 at 2014-06-09 12:24:31) [GET]
Rendering template within layouts/application
Rendering pages/home
Completed in 2ms (View: 1, DB: 0) | 200 OK [http://localhost/pages/home]


Processing ApplicationController#index (for 127.0.0.1 at 2014-06-09 12:24:32) [GET]

ActionController::RoutingError (No route matches "/stylesheets/blueprint/screen.css" with {:method=>:get}):
  <internal:prelude>:10:in `synchronize'

Rendering rescues/layout (not_found)


Processing ApplicationController#index (for 127.0.0.1 at 2014-06-09 12:24:32) [GET]

ActionController::RoutingError (No route matches "/stylesheets/blueprint/print.css" with {:method=>:get}):
  <internal:prelude>:10:in `synchronize'

Rendering rescues/layout (not_found)


Processing PagesController#home (for 127.0.0.1 at 2014-06-09 12:41:06) [GET]
Rendering template within layouts/application
Rendering pages/home
Completed in 6ms (View: 5, DB: 0) | 200 OK [http://localhost/pages/home]


Processing PagesController#home (for 127.0.0.1 at 2014-06-09 12:41:08) [GET]
Rendering template within layouts/application
Rendering pages/home
Completed in 13ms (View: 1, DB: 0) | 200 OK [http://localhost/pages/home]


Processing PagesController#home (for 127.0.0.1 at 2014-06-09 12:41:14) [GET]
Rendering template within layouts/application
Rendering pages/home
Completed in 2ms (View: 1, DB: 0) | 200 OK [http://localhost/pages/home]


Processing PagesController#home (for 127.0.0.1 at 2014-06-09 12:41:45) [GET]
Rendering template within layouts/application
Rendering pages/home
Completed in 2ms (View: 1, DB: 0) | 200 OK [http://localhost/pages/home]


Processing PagesController#home (for 127.0.0.1 at 2014-06-09 12:42:21) [GET]
Rendering template within layouts/application
Rendering pages/home
Completed in 7ms (View: 6, DB: 0) | 200 OK [http://localhost/pages/home]


Processing ApplicationController#index (for 127.0.0.1 at 2014-06-09 12:42:21) [GET]

ActionController::RoutingError (No route matches "/stylesheets/blueprint/screen.css" with {:method=>:get}):
  <internal:prelude>:10:in `synchronize'

Rendering rescues/layout (not_found)


Processing ApplicationController#index (for 127.0.0.1 at 2014-06-09 12:42:21) [GET]

ActionController::RoutingError (No route matches "/stylesheets/blueprint/print.css" with {:method=>:get}):
  <internal:prelude>:10:in `synchronize'

Rendering rescues/layout (not_found)


Processing PagesController#home (for 127.0.0.1 at 2014-06-09 12:42:50) [GET]
Rendering template within layouts/application
Rendering pages/home
Completed in 14ms (View: 1, DB: 0) | 200 OK [http://localhost/pages/home]


Processing ApplicationController#index (for 127.0.0.1 at 2014-06-09 12:42:50) [GET]

ActionController::RoutingError (No route matches "/stylesheets/blueprint/screen.css" with {:method=>:get}):
  <internal:prelude>:10:in `synchronize'

Rendering rescues/layout (not_found)


Processing ApplicationController#index (for 127.0.0.1 at 2014-06-09 12:42:50) [GET]

ActionController::RoutingError (No route matches "/stylesheets/blueprint/print.css" with {:method=>:get}):
  <internal:prelude>:10:in `synchronize'

Rendering rescues/layout (not_found)


Processing PagesController#home (for 127.0.0.1 at 2014-06-09 12:44:19) [GET]
Rendering template within layouts/application
Rendering pages/home
Completed in 2ms (View: 1, DB: 0) | 200 OK [http://localhost/pages/home]


Processing ApplicationController#index (for 127.0.0.1 at 2014-06-09 12:44:20) [GET]

ActionController::RoutingError (No route matches "/stylesheets/blueprint/screen.css" with {:method=>:get}):
  <internal:prelude>:10:in `synchronize'

Rendering rescues/layout (not_found)


Processing ApplicationController#index (for 127.0.0.1 at 2014-06-09 12:44:20) [GET]

ActionController::RoutingError (No route matches "/stylesheets/blueprint/print.css" with {:method=>:get}):
  <internal:prelude>:10:in `synchronize'

Rendering rescues/layout (not_found)


Processing PagesController#home (for 127.0.0.1 at 2014-06-09 14:08:35) [GET]
Rendering template within layouts/application
Rendering pages/home

ActionView::TemplateError (Missing layout layouts/_stylesheets.erb in view path /Users/user/RailsTutorials/sample_app/app/views) on line #5 of app/views/layouts/application.html.erb:
2: "http://www.w3.org/TR/xhtml1/DTD/xhtml1-strict.dtd">
3: <html lang="en" xml:lang="en" xmlns="http://www.w3.org/1999/xhtml"> <head>
4: 	<title><%= title %></title>
5: <%= render 'layouts/stylesheets' %> </head>
6: <body>
7: 	<div class="container">
8: 		<%= render 'layouts/header' %>

    app/views/layouts/application.html.erb:5
    <internal:prelude>:10:in `synchronize'

Rendered rescues/_trace (29.2ms)
Rendered rescues/_request_and_response (56.6ms)
Rendering rescues/layout (internal_server_error)


Processing PagesController#home (for 127.0.0.1 at 2014-06-09 14:08:38) [GET]
Rendering template within layouts/application
Rendering pages/home

ActionView::TemplateError (Missing layout layouts/_stylesheets.erb in view path /Users/user/RailsTutorials/sample_app/app/views) on line #5 of app/views/layouts/application.html.erb:
2: "http://www.w3.org/TR/xhtml1/DTD/xhtml1-strict.dtd">
3: <html lang="en" xml:lang="en" xmlns="http://www.w3.org/1999/xhtml"> <head>
4: 	<title><%= title %></title>
5: <%= render 'layouts/stylesheets' %> </head>
6: <body>
7: 	<div class="container">
8: 		<%= render 'layouts/header' %>

    app/views/layouts/application.html.erb:5
    <internal:prelude>:10:in `synchronize'

Rendered rescues/_trace (28.3ms)
Rendered rescues/_request_and_response (0.2ms)
Rendering rescues/layout (internal_server_error)


Processing PagesController#home (for 127.0.0.1 at 2014-06-09 14:09:09) [GET]
Rendering template within layouts/application
Rendering pages/home

ActionView::TemplateError (Missing layout layouts/_stylesheets.erb in view path /Users/user/RailsTutorials/sample_app/app/views) on line #5 of app/views/layouts/application.html.erb:
2: "http://www.w3.org/TR/xhtml1/DTD/xhtml1-strict.dtd">
3: <html lang="en" xml:lang="en" xmlns="http://www.w3.org/1999/xhtml"> <head>
4: 	<title><%= title %></title>
5: <%= render 'layouts/stylesheets' %> </head>
6: <body>
7: 	<div class="container">
8: 		<%= render 'layouts/header' %>

    app/views/layouts/application.html.erb:5
    <internal:prelude>:10:in `synchronize'

Rendered rescues/_trace (26.6ms)
Rendered rescues/_request_and_response (0.9ms)
Rendering rescues/layout (internal_server_error)


Processing PagesController#home (for 127.0.0.1 at 2014-06-09 14:09:13) [GET]
Rendering template within layouts/application
Rendering pages/home

ActionView::TemplateError (Missing layout layouts/_stylesheets.erb in view path /Users/user/RailsTutorials/sample_app/app/views) on line #5 of app/views/layouts/application.html.erb:
2: "http://www.w3.org/TR/xhtml1/DTD/xhtml1-strict.dtd">
3: <html lang="en" xml:lang="en" xmlns="http://www.w3.org/1999/xhtml"> <head>
4: 	<title><%= title %></title>
5: <%= render 'layouts/stylesheets' %> </head>
6: <body>
7: 	<div class="container">
8: 		<%= render 'layouts/header' %>

    app/views/layouts/application.html.erb:5
    <internal:prelude>:10:in `synchronize'

Rendered rescues/_trace (28.9ms)
Rendered rescues/_request_and_response (0.3ms)
Rendering rescues/layout (internal_server_error)


Processing PagesController#home (for 127.0.0.1 at 2014-06-09 14:51:20) [GET]
Rendering template within layouts/application
Rendering pages/home
Rendered layouts/_stylesheets (0.8ms)
Rendered layouts/_header (0.6ms)
Rendered layouts/_footer (0.4ms)
Completed in 32ms (View: 31, DB: 0) | 200 OK [http://localhost/pages/home]


Processing ApplicationController#index (for 127.0.0.1 at 2014-06-09 14:51:20) [GET]

ActionController::RoutingError (No route matches "/stylesheets/blueprint/screen.css" with {:method=>:get}):
  <internal:prelude>:10:in `synchronize'

Rendering rescues/layout (not_found)


Processing ApplicationController#index (for 127.0.0.1 at 2014-06-09 14:51:20) [GET]

ActionController::RoutingError (No route matches "/stylesheets/blueprint/print.css" with {:method=>:get}):
  <internal:prelude>:10:in `synchronize'

Rendering rescues/layout (not_found)


Processing PagesController#home (for 127.0.0.1 at 2014-06-09 14:51:49) [GET]
Rendering template within layouts/application
Rendering pages/home
Rendered layouts/_stylesheets (0.6ms)
Rendered layouts/_header (0.7ms)
Rendered layouts/_footer (0.1ms)
Completed in 8ms (View: 7, DB: 0) | 200 OK [http://localhost/pages/home]


Processing ApplicationController#index (for 127.0.0.1 at 2014-06-09 14:51:49) [GET]

ActionController::RoutingError (No route matches "/stylesheets/blueprint/screen.css" with {:method=>:get}):
  <internal:prelude>:10:in `synchronize'

Rendering rescues/layout (not_found)


Processing ApplicationController#index (for 127.0.0.1 at 2014-06-09 14:51:49) [GET]

ActionController::RoutingError (No route matches "/stylesheets/blueprint/print.css" with {:method=>:get}):
  <internal:prelude>:10:in `synchronize'

Rendering rescues/layout (not_found)


Processing PagesController#home (for 127.0.0.1 at 2014-06-09 14:54:12) [GET]
Rendering template within layouts/application
Rendering pages/home
Rendered layouts/_stylesheets (0.4ms)
Rendered layouts/_header (0.2ms)
Rendered layouts/_footer (0.0ms)
Completed in 3ms (View: 2, DB: 0) | 200 OK [http://localhost/pages/home]


Processing ApplicationController#index (for 127.0.0.1 at 2014-06-09 14:54:12) [GET]

ActionController::RoutingError (No route matches "/stylesheets/blueprint/screen.css" with {:method=>:get}):
  <internal:prelude>:10:in `synchronize'

Rendering rescues/layout (not_found)


Processing ApplicationController#index (for 127.0.0.1 at 2014-06-09 14:54:12) [GET]

ActionController::RoutingError (No route matches "/stylesheets/blueprint/print.css" with {:method=>:get}):
  <internal:prelude>:10:in `synchronize'

Rendering rescues/layout (not_found)
